2025-08-31 07:05:29.915 [info] Reading sessions from keychain...
2025-08-31 07:05:29.915 [info] Getting sessions for all scopes...
2025-08-31 07:05:30.882 [info] Got stored sessions!
2025-08-31 07:05:30.882 [info] Got 1 verified sessions.
2025-08-31 07:05:30.882 [info] Got 1 sessions for ...
2025-08-31 07:05:30.885 [info] Getting sessions for all scopes...
2025-08-31 07:05:30.885 [info] Got 1 sessions for ...
2025-08-31 07:05:30.888 [info] Getting sessions for all scopes...
2025-08-31 07:05:30.888 [info] Got 1 sessions for ...
2025-08-31 07:05:30.888 [info] Getting sessions for all scopes...
2025-08-31 07:05:30.888 [info] Got 1 sessions for ...
2025-08-31 07:05:30.889 [info] Getting sessions for all scopes...
2025-08-31 07:05:30.889 [info] Got 1 sessions for ...
2025-08-31 07:05:30.889 [info] Getting sessions for all scopes...
2025-08-31 07:05:30.889 [info] Got 1 sessions for ...
2025-08-31 07:05:30.890 [info] Getting sessions for all scopes...
2025-08-31 07:05:30.890 [info] Got 1 sessions for ...
2025-08-31 07:05:30.890 [info] Getting sessions for all scopes...
2025-08-31 07:05:30.890 [info] Got 1 sessions for ...
2025-08-31 07:05:30.891 [info] Getting sessions for all scopes...
2025-08-31 07:05:30.891 [info] Got 1 sessions for ...
2025-08-31 07:05:31.403 [info] Getting sessions for all scopes...
2025-08-31 07:05:31.404 [info] Got 1 sessions for ...
2025-08-31 07:05:31.404 [info] Getting sessions for all scopes...
2025-08-31 07:05:31.405 [info] Got 1 sessions for ...
2025-08-31 07:05:31.407 [info] Getting sessions for all scopes...
2025-08-31 07:05:31.407 [info] Got 1 sessions for ...
2025-08-31 07:05:31.409 [info] Getting sessions for all scopes...
2025-08-31 07:05:31.409 [info] Got 1 sessions for ...
2025-08-31 07:05:32.239 [info] Getting sessions for all scopes...
2025-08-31 07:05:32.239 [info] Got 1 sessions for ...
2025-08-31 07:05:32.240 [info] Getting sessions for all scopes...
2025-08-31 07:05:32.240 [info] Got 1 sessions for ...
2025-08-31 07:05:41.270 [info] Getting sessions for all scopes...
2025-08-31 07:05:41.270 [info] Got 1 sessions for ...
2025-08-31 07:05:41.481 [info] Getting sessions for read:user,repo,user:email,workflow...
2025-08-31 07:05:41.484 [info] Got 0 sessions for read:user,repo,user:email,workflow...
2025-08-31 07:05:43.049 [info] Getting sessions for user:email...
2025-08-31 07:05:43.050 [info] Got 1 sessions for user:email...
2025-08-31 07:05:43.050 [info] Getting sessions for read:user,repo,user:email,workflow...
2025-08-31 07:05:43.050 [info] Got 0 sessions for read:user,repo,user:email,workflow...
2025-08-31 07:05:44.856 [info] Getting sessions for all scopes...
2025-08-31 07:05:44.856 [info] Got 1 sessions for ...
2025-08-31 07:05:44.934 [info] Getting sessions for all scopes...
2025-08-31 07:05:44.934 [info] Got 1 sessions for ...
2025-08-31 07:05:44.936 [info] Getting sessions for all scopes...
2025-08-31 07:05:44.936 [info] Got 1 sessions for ...
2025-08-31 07:05:44.936 [info] Getting sessions for read:user,repo,user:email,workflow...
2025-08-31 07:05:44.936 [info] Got 0 sessions for read:user,repo,user:email,workflow...
2025-08-31 07:05:44.938 [info] Getting sessions for all scopes...
2025-08-31 07:05:44.938 [info] Got 1 sessions for ...
2025-08-31 07:05:45.076 [info] Getting sessions for read:user,repo,user:email,workflow...
2025-08-31 07:05:45.076 [info] Got 0 sessions for read:user,repo,user:email,workflow...
2025-08-31 07:05:45.076 [info] Getting sessions for read:user...
2025-08-31 07:05:45.076 [info] Got 0 sessions for read:user...
2025-08-31 07:05:45.080 [info] Getting sessions for user:email...
2025-08-31 07:05:45.081 [info] Got 1 sessions for user:email...
2025-08-31 07:05:45.081 [info] Getting sessions for user:email...
2025-08-31 07:05:45.081 [info] Got 1 sessions for user:email...
2025-08-31 07:05:45.549 [info] Getting sessions for all scopes...
2025-08-31 07:05:45.562 [info] Got 1 sessions for ...
2025-08-31 07:05:45.594 [info] Getting sessions for read:user,repo,user:email,workflow...
2025-08-31 07:05:45.594 [info] Got 0 sessions for read:user,repo,user:email,workflow...
2025-08-31 07:05:45.641 [info] Getting sessions for user:email...
2025-08-31 07:05:45.641 [info] Got 1 sessions for user:email...
2025-08-31 07:05:46.459 [info] Getting sessions for all scopes...
2025-08-31 07:05:46.459 [info] Got 1 sessions for ...
2025-08-31 07:05:46.462 [info] Getting sessions for all scopes...
2025-08-31 07:05:46.462 [info] Got 1 sessions for ...
2025-08-31 07:05:46.947 [info] Getting sessions for read:user,repo,user:email,workflow...
2025-08-31 07:05:46.950 [info] Got 0 sessions for read:user,repo,user:email,workflow...
2025-08-31 07:05:47.097 [info] Getting sessions for user:email...
2025-08-31 07:05:47.097 [info] Got 1 sessions for user:email...
2025-08-31 07:05:47.122 [info] Getting sessions for read:user,repo,user:email,workflow...
2025-08-31 07:05:47.122 [info] Got 0 sessions for read:user,repo,user:email,workflow...
2025-08-31 07:05:47.143 [info] Getting sessions for all scopes...
2025-08-31 07:05:47.143 [info] Got 1 sessions for ...
2025-08-31 07:05:47.152 [info] Getting sessions for read:user,repo,user:email,workflow...
2025-08-31 07:05:47.152 [info] Got 0 sessions for read:user,repo,user:email,workflow...
2025-08-31 07:05:47.163 [info] Getting sessions for user:email...
2025-08-31 07:05:47.163 [info] Got 1 sessions for user:email...
2025-08-31 07:05:47.927 [info] Getting sessions for all scopes...
2025-08-31 07:05:47.927 [info] Got 1 sessions for ...
2025-08-31 07:05:47.930 [info] Getting sessions for all scopes...
2025-08-31 07:05:47.930 [info] Got 1 sessions for ...
2025-08-31 07:05:48.292 [info] Getting sessions for read:user,repo,user:email,workflow...
2025-08-31 07:05:48.293 [info] Got 0 sessions for read:user,repo,user:email,workflow...
2025-08-31 07:05:48.305 [info] Getting sessions for user:email...
2025-08-31 07:05:48.305 [info] Got 1 sessions for user:email...
2025-08-31 07:05:48.307 [info] Getting sessions for read:user,repo,user:email,workflow...
2025-08-31 07:05:48.308 [info] Got 0 sessions for read:user,repo,user:email,workflow...
2025-08-31 07:05:48.362 [info] Getting sessions for all scopes...
2025-08-31 07:05:48.362 [info] Got 1 sessions for ...
2025-08-31 07:05:48.370 [info] Getting sessions for all scopes...
2025-08-31 07:05:48.370 [info] Got 1 sessions for ...
2025-08-31 07:05:48.373 [info] Getting sessions for all scopes...
2025-08-31 07:05:48.373 [info] Got 1 sessions for ...
2025-08-31 07:05:48.407 [info] Getting sessions for read:user,repo,user:email,workflow...
2025-08-31 07:05:48.407 [info] Got 0 sessions for read:user,repo,user:email,workflow...
2025-08-31 07:05:48.419 [info] Getting sessions for user:email...
2025-08-31 07:05:48.419 [info] Got 1 sessions for user:email...
2025-08-31 07:06:25.783 [info] Getting sessions for all scopes...
2025-08-31 07:06:25.784 [info] Got 1 sessions for ...
2025-08-31 07:06:29.355 [info] Getting sessions for all scopes...
2025-08-31 07:06:29.355 [info] Got 1 sessions for ...
2025-08-31 07:06:29.361 [info] Getting sessions for all scopes...
2025-08-31 07:06:29.361 [info] Got 1 sessions for ...
2025-08-31 07:06:29.379 [info] Getting sessions for all scopes...
2025-08-31 07:06:29.379 [info] Got 1 sessions for ...
