2025-08-31 07:21:55.071 [info] Reading sessions from keychain...
2025-08-31 07:21:55.071 [info] Getting sessions for all scopes...
2025-08-31 07:21:55.889 [info] Got stored sessions!
2025-08-31 07:21:55.889 [info] Got 1 verified sessions.
2025-08-31 07:21:55.889 [info] Got 1 sessions for ...
2025-08-31 07:21:55.890 [info] Getting sessions for all scopes...
2025-08-31 07:21:55.890 [info] Got 1 sessions for ...
2025-08-31 07:21:55.890 [info] Getting sessions for all scopes...
2025-08-31 07:21:55.890 [info] Got 1 sessions for ...
2025-08-31 07:21:55.890 [info] Getting sessions for all scopes...
2025-08-31 07:21:55.890 [info] Got 1 sessions for ...
2025-08-31 07:21:55.890 [info] Getting sessions for all scopes...
2025-08-31 07:21:55.890 [info] Got 1 sessions for ...
2025-08-31 07:21:55.891 [info] Getting sessions for all scopes...
2025-08-31 07:21:55.891 [info] Got 1 sessions for ...
2025-08-31 07:21:55.891 [info] Getting sessions for all scopes...
2025-08-31 07:21:55.891 [info] Got 1 sessions for ...
2025-08-31 07:21:55.891 [info] Getting sessions for all scopes...
2025-08-31 07:21:55.891 [info] Got 1 sessions for ...
2025-08-31 07:21:55.891 [info] Getting sessions for all scopes...
2025-08-31 07:21:55.891 [info] Got 1 sessions for ...
2025-08-31 07:21:56.270 [info] Getting sessions for all scopes...
2025-08-31 07:21:56.270 [info] Got 1 sessions for ...
2025-08-31 07:21:56.271 [info] Getting sessions for all scopes...
2025-08-31 07:21:56.271 [info] Got 1 sessions for ...
2025-08-31 07:21:56.273 [info] Getting sessions for all scopes...
2025-08-31 07:21:56.273 [info] Got 1 sessions for ...
2025-08-31 07:21:56.273 [info] Getting sessions for all scopes...
2025-08-31 07:21:56.273 [info] Got 1 sessions for ...
2025-08-31 07:21:56.275 [info] Getting sessions for all scopes...
2025-08-31 07:21:56.275 [info] Got 1 sessions for ...
2025-08-31 07:21:56.277 [info] Getting sessions for all scopes...
2025-08-31 07:21:56.277 [info] Got 1 sessions for ...
2025-08-31 07:22:01.759 [info] Getting sessions for read:user,repo,user:email,workflow...
2025-08-31 07:22:01.759 [info] Got 0 sessions for read:user,repo,user:email,workflow...
2025-08-31 07:22:02.037 [info] Getting sessions for all scopes...
2025-08-31 07:22:02.037 [info] Got 1 sessions for ...
2025-08-31 07:22:02.073 [info] Getting sessions for all scopes...
2025-08-31 07:22:02.076 [info] Got 1 sessions for ...
2025-08-31 07:22:03.026 [info] Getting sessions for user:email...
2025-08-31 07:22:03.026 [info] Got 1 sessions for user:email...
2025-08-31 07:22:03.125 [info] Getting sessions for read:user,repo,user:email,workflow...
2025-08-31 07:22:03.125 [info] Got 0 sessions for read:user,repo,user:email,workflow...
2025-08-31 07:22:03.132 [info] Getting sessions for all scopes...
2025-08-31 07:22:03.132 [info] Got 1 sessions for ...
2025-08-31 07:22:03.134 [info] Getting sessions for all scopes...
2025-08-31 07:22:03.134 [info] Got 1 sessions for ...
2025-08-31 07:22:03.135 [info] Getting sessions for all scopes...
2025-08-31 07:22:03.135 [info] Got 1 sessions for ...
2025-08-31 07:22:04.117 [info] Getting sessions for all scopes...
2025-08-31 07:22:04.118 [info] Got 1 sessions for ...
2025-08-31 07:22:04.187 [info] Getting sessions for all scopes...
2025-08-31 07:22:04.187 [info] Got 1 sessions for ...
2025-08-31 07:22:04.187 [info] Getting sessions for read:user,repo,user:email,workflow...
2025-08-31 07:22:04.188 [info] Got 0 sessions for read:user,repo,user:email,workflow...
2025-08-31 07:22:04.188 [info] Getting sessions for all scopes...
2025-08-31 07:22:04.188 [info] Got 1 sessions for ...
2025-08-31 07:22:04.293 [info] Getting sessions for read:user...
2025-08-31 07:22:04.293 [info] Got 0 sessions for read:user...
2025-08-31 07:22:04.294 [info] Getting sessions for read:user,repo,user:email,workflow...
2025-08-31 07:22:04.294 [info] Got 0 sessions for read:user,repo,user:email,workflow...
2025-08-31 07:22:04.303 [info] Getting sessions for user:email...
2025-08-31 07:22:04.303 [info] Got 1 sessions for user:email...
2025-08-31 07:22:04.305 [info] Getting sessions for user:email...
2025-08-31 07:22:04.305 [info] Got 1 sessions for user:email...
2025-08-31 07:22:04.322 [info] Getting sessions for all scopes...
2025-08-31 07:22:04.322 [info] Got 1 sessions for ...
2025-08-31 07:22:04.533 [info] Getting sessions for read:user,repo,user:email,workflow...
2025-08-31 07:22:04.533 [info] Got 0 sessions for read:user,repo,user:email,workflow...
2025-08-31 07:22:04.544 [info] Getting sessions for user:email...
2025-08-31 07:22:04.544 [info] Got 1 sessions for user:email...
2025-08-31 07:22:05.974 [info] Getting sessions for all scopes...
2025-08-31 07:22:05.974 [info] Got 1 sessions for ...
2025-08-31 07:22:06.165 [info] Getting sessions for all scopes...
2025-08-31 07:22:06.165 [info] Got 1 sessions for ...
2025-08-31 07:22:06.442 [info] Getting sessions for read:user,repo,user:email,workflow...
2025-08-31 07:22:06.442 [info] Got 0 sessions for read:user,repo,user:email,workflow...
2025-08-31 07:22:06.477 [info] Getting sessions for user:email...
2025-08-31 07:22:06.479 [info] Got 1 sessions for user:email...
2025-08-31 07:22:06.485 [info] Getting sessions for read:user,repo,user:email,workflow...
2025-08-31 07:22:06.485 [info] Got 0 sessions for read:user,repo,user:email,workflow...
2025-08-31 07:22:06.520 [info] Getting sessions for all scopes...
2025-08-31 07:22:06.520 [info] Got 1 sessions for ...
2025-08-31 07:22:06.659 [info] Getting sessions for read:user,repo,user:email,workflow...
2025-08-31 07:22:06.660 [info] Got 0 sessions for read:user,repo,user:email,workflow...
2025-08-31 07:22:07.074 [info] Getting sessions for user:email...
2025-08-31 07:22:07.074 [info] Got 1 sessions for user:email...
2025-08-31 07:22:07.785 [info] Getting sessions for all scopes...
2025-08-31 07:22:07.785 [info] Got 1 sessions for ...
2025-08-31 07:22:07.788 [info] Getting sessions for all scopes...
2025-08-31 07:22:07.789 [info] Got 1 sessions for ...
2025-08-31 07:22:07.832 [info] Getting sessions for read:user,repo,user:email,workflow...
2025-08-31 07:22:07.832 [info] Got 0 sessions for read:user,repo,user:email,workflow...
2025-08-31 07:22:07.866 [info] Getting sessions for user:email...
2025-08-31 07:22:07.866 [info] Got 1 sessions for user:email...
2025-08-31 07:22:07.868 [info] Getting sessions for read:user,repo,user:email,workflow...
2025-08-31 07:22:07.868 [info] Got 0 sessions for read:user,repo,user:email,workflow...
2025-08-31 07:22:08.043 [info] Getting sessions for all scopes...
2025-08-31 07:22:08.043 [info] Got 1 sessions for ...
2025-08-31 07:22:08.064 [info] Getting sessions for all scopes...
2025-08-31 07:22:08.064 [info] Got 1 sessions for ...
2025-08-31 07:22:08.087 [info] Getting sessions for all scopes...
2025-08-31 07:22:08.087 [info] Got 1 sessions for ...
2025-08-31 07:22:08.130 [info] Getting sessions for read:user,repo,user:email,workflow...
2025-08-31 07:22:08.130 [info] Got 0 sessions for read:user,repo,user:email,workflow...
2025-08-31 07:22:08.165 [info] Getting sessions for user:email...
2025-08-31 07:22:08.165 [info] Got 1 sessions for user:email...
2025-08-31 07:22:11.054 [info] Getting sessions for all scopes...
2025-08-31 07:22:11.054 [info] Got 1 sessions for ...
2025-08-31 07:26:21.439 [info] Getting sessions for all scopes...
2025-08-31 07:26:21.439 [info] Got 1 sessions for ...
2025-08-31 07:26:21.451 [info] Getting sessions for read:user,repo,user:email,workflow...
2025-08-31 07:26:21.451 [info] Got 0 sessions for read:user,repo,user:email,workflow...
2025-08-31 07:26:21.461 [info] Getting sessions for user:email...
2025-08-31 07:26:21.461 [info] Got 1 sessions for user:email...
2025-08-31 07:29:43.886 [info] Getting sessions for all scopes...
2025-08-31 07:29:43.886 [info] Got 1 sessions for ...
2025-08-31 07:29:43.892 [info] Getting sessions for read:user,repo,user:email,workflow...
2025-08-31 07:29:43.892 [info] Got 0 sessions for read:user,repo,user:email,workflow...
2025-08-31 07:29:43.897 [info] Getting sessions for user:email...
2025-08-31 07:29:43.897 [info] Got 1 sessions for user:email...
2025-08-31 07:29:50.806 [info] Getting sessions for all scopes...
2025-08-31 07:29:50.806 [info] Got 1 sessions for ...
2025-08-31 07:29:50.809 [info] Getting sessions for read:user,repo,user:email,workflow...
2025-08-31 07:29:50.809 [info] Got 0 sessions for read:user,repo,user:email,workflow...
2025-08-31 07:29:50.813 [info] Getting sessions for user:email...
2025-08-31 07:29:50.813 [info] Got 1 sessions for user:email...
2025-08-31 07:29:51.271 [info] Getting sessions for all scopes...
2025-08-31 07:29:51.271 [info] Got 1 sessions for ...
2025-08-31 07:29:51.275 [info] Getting sessions for read:user,repo,user:email,workflow...
2025-08-31 07:29:51.275 [info] Got 0 sessions for read:user,repo,user:email,workflow...
2025-08-31 07:29:51.280 [info] Getting sessions for user:email...
2025-08-31 07:29:51.280 [info] Got 1 sessions for user:email...
2025-08-31 07:29:52.881 [info] Getting sessions for all scopes...
2025-08-31 07:29:52.881 [info] Got 1 sessions for ...
2025-08-31 07:29:52.888 [info] Getting sessions for read:user,repo,user:email,workflow...
2025-08-31 07:29:52.888 [info] Got 0 sessions for read:user,repo,user:email,workflow...
2025-08-31 07:29:52.894 [info] Getting sessions for user:email...
2025-08-31 07:29:52.894 [info] Got 1 sessions for user:email...
2025-08-31 07:47:31.531 [info] Getting sessions for read:user,repo,user:email,workflow...
2025-08-31 07:47:31.531 [info] Got 0 sessions for read:user,repo,user:email,workflow...
2025-08-31 07:47:31.554 [info] Getting sessions for read:user...
2025-08-31 07:47:31.554 [info] Got 0 sessions for read:user...
2025-08-31 07:47:31.561 [info] Getting sessions for user:email...
2025-08-31 07:47:31.561 [info] Got 1 sessions for user:email...
