2025-08-31 05:21:29.415 [info] Reading sessions from keychain...
2025-08-31 05:21:29.415 [info] Getting sessions for all scopes...
2025-08-31 05:21:29.482 [info] Got stored sessions!
2025-08-31 05:21:29.482 [info] Got 1 verified sessions.
2025-08-31 05:21:29.482 [info] Got 1 sessions for ...
2025-08-31 05:21:29.485 [info] Getting sessions for all scopes...
2025-08-31 05:21:29.486 [info] Got 1 sessions for ...
2025-08-31 05:21:29.486 [info] Getting sessions for all scopes...
2025-08-31 05:21:29.486 [info] Got 1 sessions for ...
2025-08-31 05:21:29.486 [info] Getting sessions for all scopes...
2025-08-31 05:21:29.486 [info] Got 1 sessions for ...
2025-08-31 05:21:29.486 [info] Getting sessions for all scopes...
2025-08-31 05:21:29.486 [info] Got 1 sessions for ...
2025-08-31 05:21:29.486 [info] Getting sessions for all scopes...
2025-08-31 05:21:29.486 [info] Got 1 sessions for ...
2025-08-31 05:21:29.487 [info] Getting sessions for all scopes...
2025-08-31 05:21:29.487 [info] Got 1 sessions for ...
2025-08-31 05:21:29.494 [info] Getting sessions for all scopes...
2025-08-31 05:21:29.494 [info] Got 1 sessions for ...
2025-08-31 05:21:29.497 [info] Getting sessions for all scopes...
2025-08-31 05:21:29.499 [info] Got 1 sessions for ...
2025-08-31 05:21:29.501 [info] Getting sessions for all scopes...
2025-08-31 05:21:29.501 [info] Got 1 sessions for ...
2025-08-31 05:21:29.507 [info] Getting sessions for all scopes...
2025-08-31 05:21:29.507 [info] Got 1 sessions for ...
2025-08-31 05:21:29.507 [info] Getting sessions for all scopes...
2025-08-31 05:21:29.507 [info] Got 1 sessions for ...
2025-08-31 05:21:29.507 [info] Getting sessions for all scopes...
2025-08-31 05:21:29.507 [info] Got 1 sessions for ...
2025-08-31 05:21:37.413 [info] Getting sessions for all scopes...
2025-08-31 05:21:37.413 [info] Got 1 sessions for ...
2025-08-31 05:21:37.675 [info] Getting sessions for all scopes...
2025-08-31 05:21:37.675 [info] Got 1 sessions for ...
2025-08-31 05:21:37.755 [info] Getting sessions for all scopes...
2025-08-31 05:21:37.755 [info] Got 1 sessions for ...
2025-08-31 05:21:37.757 [info] Getting sessions for all scopes...
2025-08-31 05:21:37.757 [info] Got 1 sessions for ...
2025-08-31 05:21:37.775 [info] Getting sessions for all scopes...
2025-08-31 05:21:37.775 [info] Got 1 sessions for ...
2025-08-31 05:21:37.832 [info] Getting sessions for all scopes...
2025-08-31 05:21:37.832 [info] Got 1 sessions for ...
2025-08-31 05:21:37.835 [info] Getting sessions for all scopes...
2025-08-31 05:21:37.835 [info] Got 1 sessions for ...
2025-08-31 05:21:40.626 [info] Getting sessions for read:user,repo,user:email,workflow...
2025-08-31 05:21:40.627 [info] Got 0 sessions for read:user,repo,user:email,workflow...
2025-08-31 05:21:40.712 [info] Getting sessions for all scopes...
2025-08-31 05:21:40.712 [info] Got 1 sessions for ...
2025-08-31 05:21:40.725 [info] Getting sessions for all scopes...
2025-08-31 05:21:40.725 [info] Got 1 sessions for ...
2025-08-31 05:21:40.726 [info] Getting sessions for read:user,repo,user:email,workflow...
2025-08-31 05:21:40.726 [info] Got 0 sessions for read:user,repo,user:email,workflow...
2025-08-31 05:21:40.731 [info] Getting sessions for user:email...
2025-08-31 05:21:40.733 [info] Got 1 sessions for user:email...
2025-08-31 05:21:40.733 [info] Getting sessions for read:user,repo,user:email,workflow...
2025-08-31 05:21:40.733 [info] Got 0 sessions for read:user,repo,user:email,workflow...
2025-08-31 05:21:40.763 [info] Getting sessions for read:user...
2025-08-31 05:21:40.763 [info] Got 0 sessions for read:user...
2025-08-31 05:21:40.770 [info] Getting sessions for all scopes...
2025-08-31 05:21:40.770 [info] Got 1 sessions for ...
2025-08-31 05:21:40.776 [info] Getting sessions for user:email...
2025-08-31 05:21:40.776 [info] Got 1 sessions for user:email...
2025-08-31 05:21:40.786 [info] Getting sessions for read:user,repo,user:email,workflow...
2025-08-31 05:21:40.786 [info] Got 0 sessions for read:user,repo,user:email,workflow...
2025-08-31 05:21:40.826 [info] Getting sessions for user:email...
2025-08-31 05:21:40.826 [info] Got 1 sessions for user:email...
2025-08-31 05:21:41.420 [info] Getting sessions for all scopes...
2025-08-31 05:21:41.420 [info] Got 1 sessions for ...
2025-08-31 05:21:41.420 [info] Getting sessions for all scopes...
2025-08-31 05:21:41.420 [info] Got 1 sessions for ...
2025-08-31 05:21:41.471 [info] Getting sessions for read:user,repo,user:email,workflow...
2025-08-31 05:21:41.471 [info] Got 0 sessions for read:user,repo,user:email,workflow...
2025-08-31 05:21:41.493 [info] Getting sessions for user:email...
2025-08-31 05:21:41.493 [info] Got 1 sessions for user:email...
2025-08-31 05:21:41.886 [info] Getting sessions for all scopes...
2025-08-31 05:21:41.886 [info] Got 1 sessions for ...
2025-08-31 05:21:41.898 [info] Getting sessions for read:user,repo,user:email,workflow...
2025-08-31 05:21:41.898 [info] Got 0 sessions for read:user,repo,user:email,workflow...
2025-08-31 05:21:41.912 [info] Getting sessions for user:email...
2025-08-31 05:21:41.912 [info] Got 1 sessions for user:email...
2025-08-31 05:21:42.819 [info] Getting sessions for all scopes...
2025-08-31 05:21:42.819 [info] Got 1 sessions for ...
2025-08-31 05:21:42.819 [info] Getting sessions for all scopes...
2025-08-31 05:21:42.819 [info] Got 1 sessions for ...
2025-08-31 05:21:42.859 [info] Getting sessions for read:user,repo,user:email,workflow...
2025-08-31 05:21:42.859 [info] Got 0 sessions for read:user,repo,user:email,workflow...
2025-08-31 05:21:42.873 [info] Getting sessions for user:email...
2025-08-31 05:21:42.873 [info] Got 1 sessions for user:email...
2025-08-31 05:21:42.874 [info] Getting sessions for read:user,repo,user:email,workflow...
2025-08-31 05:21:42.874 [info] Got 0 sessions for read:user,repo,user:email,workflow...
2025-08-31 05:21:42.905 [info] Getting sessions for all scopes...
2025-08-31 05:21:42.905 [info] Got 1 sessions for ...
2025-08-31 05:21:42.911 [info] Getting sessions for read:user,repo,user:email,workflow...
2025-08-31 05:21:42.911 [info] Got 0 sessions for read:user,repo,user:email,workflow...
2025-08-31 05:21:42.927 [info] Getting sessions for user:email...
2025-08-31 05:21:42.927 [info] Got 1 sessions for user:email...
2025-08-31 05:21:43.305 [info] Getting sessions for all scopes...
2025-08-31 05:21:43.305 [info] Got 1 sessions for ...
2025-08-31 05:21:43.334 [info] Getting sessions for all scopes...
2025-08-31 05:21:43.334 [info] Got 1 sessions for ...
2025-08-31 05:21:43.644 [info] Getting sessions for read:user,repo,user:email,workflow...
2025-08-31 05:21:43.644 [info] Got 0 sessions for read:user,repo,user:email,workflow...
2025-08-31 05:21:43.677 [info] Getting sessions for user:email...
2025-08-31 05:21:43.677 [info] Got 1 sessions for user:email...
2025-08-31 05:21:43.678 [info] Getting sessions for read:user,repo,user:email,workflow...
2025-08-31 05:21:43.678 [info] Got 0 sessions for read:user,repo,user:email,workflow...
2025-08-31 05:21:43.717 [info] Getting sessions for all scopes...
2025-08-31 05:21:43.717 [info] Got 1 sessions for ...
2025-08-31 05:21:43.722 [info] Getting sessions for all scopes...
2025-08-31 05:21:43.722 [info] Got 1 sessions for ...
2025-08-31 05:21:43.728 [info] Getting sessions for all scopes...
2025-08-31 05:21:43.728 [info] Got 1 sessions for ...
2025-08-31 05:21:43.742 [info] Getting sessions for read:user,repo,user:email,workflow...
2025-08-31 05:21:43.742 [info] Got 0 sessions for read:user,repo,user:email,workflow...
2025-08-31 05:21:43.770 [info] Getting sessions for user:email...
2025-08-31 05:21:43.770 [info] Got 1 sessions for user:email...
2025-08-31 05:21:46.869 [info] Getting sessions for all scopes...
2025-08-31 05:21:46.869 [info] Got 1 sessions for ...
2025-08-31 05:42:20.838 [info] Reading sessions from keychain...
2025-08-31 05:42:20.838 [info] Getting sessions for all scopes...
2025-08-31 05:42:23.034 [info] Got stored sessions!
2025-08-31 05:42:23.034 [info] Got 1 verified sessions.
2025-08-31 05:42:23.034 [info] Got 1 sessions for ...
2025-08-31 05:42:23.034 [info] Getting sessions for all scopes...
2025-08-31 05:42:23.034 [info] Got 1 sessions for ...
2025-08-31 05:42:23.036 [info] Getting sessions for all scopes...
2025-08-31 05:42:23.036 [info] Got 1 sessions for ...
2025-08-31 05:42:23.036 [info] Getting sessions for all scopes...
2025-08-31 05:42:23.036 [info] Got 1 sessions for ...
2025-08-31 05:42:23.036 [info] Getting sessions for all scopes...
2025-08-31 05:42:23.036 [info] Got 1 sessions for ...
2025-08-31 05:42:23.036 [info] Getting sessions for all scopes...
2025-08-31 05:42:23.036 [info] Got 1 sessions for ...
2025-08-31 05:42:23.036 [info] Getting sessions for all scopes...
2025-08-31 05:42:23.036 [info] Got 1 sessions for ...
2025-08-31 05:42:23.037 [info] Getting sessions for all scopes...
2025-08-31 05:42:23.037 [info] Got 1 sessions for ...
2025-08-31 05:42:23.037 [info] Getting sessions for all scopes...
2025-08-31 05:42:23.038 [info] Got 1 sessions for ...
2025-08-31 05:42:23.532 [info] Getting sessions for all scopes...
2025-08-31 05:42:23.532 [info] Got 1 sessions for ...
2025-08-31 05:42:23.535 [info] Getting sessions for all scopes...
2025-08-31 05:42:23.535 [info] Got 1 sessions for ...
2025-08-31 05:42:23.539 [info] Getting sessions for all scopes...
2025-08-31 05:42:23.539 [info] Got 1 sessions for ...
2025-08-31 05:42:23.540 [info] Getting sessions for all scopes...
2025-08-31 05:42:23.540 [info] Got 1 sessions for ...
2025-08-31 05:42:23.541 [info] Getting sessions for all scopes...
2025-08-31 05:42:23.541 [info] Got 1 sessions for ...
2025-08-31 05:42:23.542 [info] Getting sessions for all scopes...
2025-08-31 05:42:23.542 [info] Got 1 sessions for ...
2025-08-31 05:42:31.063 [info] Getting sessions for read:user,repo,user:email,workflow...
2025-08-31 05:42:31.063 [info] Got 0 sessions for read:user,repo,user:email,workflow...
2025-08-31 05:42:31.320 [info] Getting sessions for all scopes...
2025-08-31 05:42:31.320 [info] Got 1 sessions for ...
2025-08-31 05:42:31.405 [info] Getting sessions for all scopes...
2025-08-31 05:42:31.405 [info] Got 1 sessions for ...
2025-08-31 05:42:31.490 [info] Getting sessions for all scopes...
2025-08-31 05:42:31.490 [info] Got 1 sessions for ...
2025-08-31 05:42:31.491 [info] Getting sessions for all scopes...
2025-08-31 05:42:31.491 [info] Got 1 sessions for ...
2025-08-31 05:42:31.491 [info] Getting sessions for all scopes...
2025-08-31 05:42:31.491 [info] Got 1 sessions for ...
2025-08-31 05:42:31.646 [info] Getting sessions for user:email...
2025-08-31 05:42:31.646 [info] Got 1 sessions for user:email...
2025-08-31 05:42:31.912 [info] Getting sessions for read:user,repo,user:email,workflow...
2025-08-31 05:42:31.913 [info] Got 0 sessions for read:user,repo,user:email,workflow...
2025-08-31 05:42:32.943 [info] Getting sessions for all scopes...
2025-08-31 05:42:32.943 [info] Got 1 sessions for ...
2025-08-31 05:42:33.042 [info] Getting sessions for all scopes...
2025-08-31 05:42:33.042 [info] Got 1 sessions for ...
2025-08-31 05:42:33.044 [info] Getting sessions for all scopes...
2025-08-31 05:42:33.044 [info] Got 1 sessions for ...
2025-08-31 05:42:33.063 [info] Getting sessions for all scopes...
2025-08-31 05:42:33.064 [info] Got 1 sessions for ...
2025-08-31 05:42:33.079 [info] Getting sessions for read:user,repo,user:email,workflow...
2025-08-31 05:42:33.079 [info] Got 0 sessions for read:user,repo,user:email,workflow...
2025-08-31 05:42:33.163 [info] Getting sessions for read:user,repo,user:email,workflow...
2025-08-31 05:42:33.163 [info] Got 0 sessions for read:user,repo,user:email,workflow...
2025-08-31 05:42:33.164 [info] Getting sessions for read:user...
2025-08-31 05:42:33.164 [info] Got 0 sessions for read:user...
2025-08-31 05:42:33.176 [info] Getting sessions for user:email...
2025-08-31 05:42:33.176 [info] Got 1 sessions for user:email...
2025-08-31 05:42:33.177 [info] Getting sessions for user:email...
2025-08-31 05:42:33.177 [info] Got 1 sessions for user:email...
2025-08-31 05:42:33.616 [info] Getting sessions for all scopes...
2025-08-31 05:42:33.616 [info] Got 1 sessions for ...
2025-08-31 05:42:33.631 [info] Getting sessions for read:user,repo,user:email,workflow...
2025-08-31 05:42:33.631 [info] Got 0 sessions for read:user,repo,user:email,workflow...
2025-08-31 05:42:33.642 [info] Getting sessions for user:email...
2025-08-31 05:42:33.642 [info] Got 1 sessions for user:email...
2025-08-31 05:42:34.206 [info] Getting sessions for all scopes...
2025-08-31 05:42:34.206 [info] Got 1 sessions for ...
2025-08-31 05:42:34.206 [info] Getting sessions for all scopes...
2025-08-31 05:42:34.206 [info] Got 1 sessions for ...
2025-08-31 05:42:34.284 [info] Getting sessions for read:user,repo,user:email,workflow...
2025-08-31 05:42:34.284 [info] Got 0 sessions for read:user,repo,user:email,workflow...
2025-08-31 05:42:34.298 [info] Getting sessions for user:email...
2025-08-31 05:42:34.298 [info] Got 1 sessions for user:email...
2025-08-31 05:42:34.298 [info] Getting sessions for read:user,repo,user:email,workflow...
2025-08-31 05:42:34.298 [info] Got 0 sessions for read:user,repo,user:email,workflow...
2025-08-31 05:42:34.312 [info] Getting sessions for all scopes...
2025-08-31 05:42:34.312 [info] Got 1 sessions for ...
2025-08-31 05:42:34.450 [info] Getting sessions for read:user,repo,user:email,workflow...
2025-08-31 05:42:34.450 [info] Got 0 sessions for read:user,repo,user:email,workflow...
2025-08-31 05:42:34.468 [info] Getting sessions for user:email...
2025-08-31 05:42:34.469 [info] Got 1 sessions for user:email...
2025-08-31 05:42:35.213 [info] Getting sessions for all scopes...
2025-08-31 05:42:35.213 [info] Got 1 sessions for ...
2025-08-31 05:42:35.256 [info] Getting sessions for all scopes...
2025-08-31 05:42:35.256 [info] Got 1 sessions for ...
2025-08-31 05:42:35.352 [info] Getting sessions for read:user,repo,user:email,workflow...
2025-08-31 05:42:35.353 [info] Got 0 sessions for read:user,repo,user:email,workflow...
2025-08-31 05:42:35.360 [info] Getting sessions for user:email...
2025-08-31 05:42:35.360 [info] Got 1 sessions for user:email...
2025-08-31 05:42:35.360 [info] Getting sessions for read:user,repo,user:email,workflow...
2025-08-31 05:42:35.360 [info] Got 0 sessions for read:user,repo,user:email,workflow...
2025-08-31 05:42:35.373 [info] Getting sessions for all scopes...
2025-08-31 05:42:35.373 [info] Got 1 sessions for ...
2025-08-31 05:42:35.378 [info] Getting sessions for all scopes...
2025-08-31 05:42:35.378 [info] Got 1 sessions for ...
2025-08-31 05:42:35.379 [info] Getting sessions for all scopes...
2025-08-31 05:42:35.379 [info] Got 1 sessions for ...
2025-08-31 05:42:35.388 [info] Getting sessions for read:user,repo,user:email,workflow...
2025-08-31 05:42:35.388 [info] Got 0 sessions for read:user,repo,user:email,workflow...
2025-08-31 05:42:35.394 [info] Getting sessions for user:email...
2025-08-31 05:42:35.394 [info] Got 1 sessions for user:email...
2025-08-31 05:42:37.454 [info] Getting sessions for all scopes...
2025-08-31 05:42:37.454 [info] Got 1 sessions for ...
