2025-08-31 06:05:51.026 [info] [main] Log level: Info
2025-08-31 06:05:51.026 [info] [main] Validating found git in: "git"
2025-08-31 06:05:51.026 [info] [main] Using git "2.51.0" from "git"
2025-08-31 06:05:51.026 [info] [Model][doInitialScan] Initial repository scan started
2025-08-31 06:05:51.026 [info] > git rev-parse --show-toplevel [5346ms]
2025-08-31 06:05:51.026 [info] fatal: not a git repository (or any parent up to mount point /)
Stopping at filesystem boundary (GIT_DISCOVERY_ACROSS_FILESYSTEM not set).
2025-08-31 06:05:51.026 [info] > git rev-parse --show-toplevel [380ms]
2025-08-31 06:05:51.026 [info] fatal: not a git repository (or any parent up to mount point /)
Stopping at filesystem boundary (GIT_DISCOVERY_ACROSS_FILESYSTEM not set).
2025-08-31 06:05:51.026 [info] > git rev-parse --show-toplevel [488ms]
2025-08-31 06:05:51.026 [info] fatal: not a git repository (or any parent up to mount point /)
Stopping at filesystem boundary (GIT_DISCOVERY_ACROSS_FILESYSTEM not set).
2025-08-31 06:05:52.093 [info] > git rev-parse --show-toplevel [1046ms]
2025-08-31 06:05:52.093 [info] fatal: not a git repository (or any parent up to mount point /)
Stopping at filesystem boundary (GIT_DISCOVERY_ACROSS_FILESYSTEM not set).
2025-08-31 06:05:52.376 [info] > git rev-parse --show-toplevel [244ms]
2025-08-31 06:05:52.376 [info] fatal: not a git repository (or any parent up to mount point /)
Stopping at filesystem boundary (GIT_DISCOVERY_ACROSS_FILESYSTEM not set).
2025-08-31 06:05:52.430 [info] > git rev-parse --show-toplevel [10ms]
2025-08-31 06:05:52.430 [info] fatal: not a git repository (or any parent up to mount point /)
Stopping at filesystem boundary (GIT_DISCOVERY_ACROSS_FILESYSTEM not set).
2025-08-31 06:05:52.458 [info] > git rev-parse --show-toplevel [6ms]
2025-08-31 06:05:52.458 [info] fatal: not a git repository (or any parent up to mount point /)
Stopping at filesystem boundary (GIT_DISCOVERY_ACROSS_FILESYSTEM not set).
2025-08-31 06:05:52.502 [info] > git rev-parse --show-toplevel [9ms]
2025-08-31 06:05:52.502 [info] fatal: not a git repository (or any parent up to mount point /)
Stopping at filesystem boundary (GIT_DISCOVERY_ACROSS_FILESYSTEM not set).
2025-08-31 06:05:52.594 [info] > git rev-parse --show-toplevel [58ms]
2025-08-31 06:05:52.594 [info] fatal: not a git repository (or any parent up to mount point /)
Stopping at filesystem boundary (GIT_DISCOVERY_ACROSS_FILESYSTEM not set).
2025-08-31 06:05:52.607 [info] [Model][doInitialScan] Initial repository scan completed - repositories (0), closed repositories (0), parent repositories (0), unsafe repositories (0)
2025-08-31 06:05:52.691 [info] > git rev-parse --show-toplevel [25ms]
2025-08-31 06:05:52.691 [info] fatal: not a git repository (or any parent up to mount point /)
Stopping at filesystem boundary (GIT_DISCOVERY_ACROSS_FILESYSTEM not set).
2025-08-31 06:14:00.242 [info] [main] Log level: Info
2025-08-31 06:14:00.242 [info] [main] Validating found git in: "git"
2025-08-31 06:14:00.242 [info] [main] Using git "2.51.0" from "git"
2025-08-31 06:14:00.242 [info] [Model][doInitialScan] Initial repository scan started
2025-08-31 06:14:00.242 [info] > git rev-parse --show-toplevel [38ms]
2025-08-31 06:14:00.242 [info] fatal: not a git repository (or any parent up to mount point /)
Stopping at filesystem boundary (GIT_DISCOVERY_ACROSS_FILESYSTEM not set).
2025-08-31 06:14:00.248 [info] > git rev-parse --show-toplevel [5ms]
2025-08-31 06:14:00.248 [info] fatal: not a git repository (or any parent up to mount point /)
Stopping at filesystem boundary (GIT_DISCOVERY_ACROSS_FILESYSTEM not set).
2025-08-31 06:14:00.285 [info] > git rev-parse --show-toplevel [8ms]
2025-08-31 06:14:00.285 [info] fatal: not a git repository (or any parent up to mount point /)
Stopping at filesystem boundary (GIT_DISCOVERY_ACROSS_FILESYSTEM not set).
2025-08-31 06:14:00.312 [info] > git rev-parse --show-toplevel [5ms]
2025-08-31 06:14:00.312 [info] fatal: not a git repository (or any parent up to mount point /)
Stopping at filesystem boundary (GIT_DISCOVERY_ACROSS_FILESYSTEM not set).
2025-08-31 06:14:00.339 [info] > git rev-parse --show-toplevel [4ms]
2025-08-31 06:14:00.339 [info] fatal: not a git repository (or any parent up to mount point /)
Stopping at filesystem boundary (GIT_DISCOVERY_ACROSS_FILESYSTEM not set).
2025-08-31 06:14:00.373 [info] > git rev-parse --show-toplevel [21ms]
2025-08-31 06:14:00.378 [info] fatal: not a git repository (or any parent up to mount point /)
Stopping at filesystem boundary (GIT_DISCOVERY_ACROSS_FILESYSTEM not set).
2025-08-31 06:14:00.427 [info] > git rev-parse --show-toplevel [13ms]
2025-08-31 06:14:00.427 [info] fatal: not a git repository (or any parent up to mount point /)
Stopping at filesystem boundary (GIT_DISCOVERY_ACROSS_FILESYSTEM not set).
2025-08-31 06:14:00.470 [info] > git rev-parse --show-toplevel [14ms]
2025-08-31 06:14:00.470 [info] fatal: not a git repository (or any parent up to mount point /)
Stopping at filesystem boundary (GIT_DISCOVERY_ACROSS_FILESYSTEM not set).
2025-08-31 06:14:00.496 [info] > git rev-parse --show-toplevel [9ms]
2025-08-31 06:14:00.496 [info] fatal: not a git repository (or any parent up to mount point /)
Stopping at filesystem boundary (GIT_DISCOVERY_ACROSS_FILESYSTEM not set).
2025-08-31 06:14:00.611 [info] > git rev-parse --show-toplevel [92ms]
2025-08-31 06:14:00.611 [info] fatal: not a git repository (or any parent up to mount point /)
Stopping at filesystem boundary (GIT_DISCOVERY_ACROSS_FILESYSTEM not set).
2025-08-31 06:14:00.622 [info] [Model][doInitialScan] Initial repository scan completed - repositories (0), closed repositories (0), parent repositories (0), unsafe repositories (0)
2025-08-31 06:14:11.218 [info] > git rev-parse --show-toplevel [194ms]
2025-08-31 06:14:11.218 [info] fatal: not a git repository (or any parent up to mount point /)
Stopping at filesystem boundary (GIT_DISCOVERY_ACROSS_FILESYSTEM not set).
2025-08-31 06:14:12.013 [info] > git rev-parse --show-toplevel [727ms]
2025-08-31 06:14:12.013 [info] fatal: not a git repository (or any parent up to mount point /)
Stopping at filesystem boundary (GIT_DISCOVERY_ACROSS_FILESYSTEM not set).
2025-08-31 06:14:14.316 [info] > git rev-parse --show-toplevel [1933ms]
2025-08-31 06:14:14.317 [info] fatal: not a git repository (or any parent up to mount point /)
Stopping at filesystem boundary (GIT_DISCOVERY_ACROSS_FILESYSTEM not set).
2025-08-31 06:14:14.403 [info] > git rev-parse --show-toplevel [15ms]
2025-08-31 06:14:14.403 [info] fatal: not a git repository (or any parent up to mount point /)
Stopping at filesystem boundary (GIT_DISCOVERY_ACROSS_FILESYSTEM not set).
2025-08-31 06:14:14.526 [info] > git rev-parse --show-toplevel [58ms]
2025-08-31 06:14:14.527 [info] fatal: not a git repository (or any parent up to mount point /)
Stopping at filesystem boundary (GIT_DISCOVERY_ACROSS_FILESYSTEM not set).
2025-08-31 06:14:23.104 [info] > git rev-parse --show-toplevel [20ms]
2025-08-31 06:14:23.104 [info] fatal: not a git repository (or any parent up to mount point /)
Stopping at filesystem boundary (GIT_DISCOVERY_ACROSS_FILESYSTEM not set).
2025-08-31 06:15:26.701 [info] > git rev-parse --show-toplevel [22ms]
2025-08-31 06:15:26.701 [info] fatal: not a git repository (or any parent up to mount point /)
Stopping at filesystem boundary (GIT_DISCOVERY_ACROSS_FILESYSTEM not set).
2025-08-31 06:15:33.237 [info] > git rev-parse --show-toplevel [12ms]
2025-08-31 06:15:33.237 [info] fatal: not a git repository (or any parent up to mount point /)
Stopping at filesystem boundary (GIT_DISCOVERY_ACROSS_FILESYSTEM not set).
2025-08-31 06:15:45.020 [info] > git rev-parse --show-toplevel [25ms]
2025-08-31 06:15:45.020 [info] fatal: not a git repository (or any parent up to mount point /)
Stopping at filesystem boundary (GIT_DISCOVERY_ACROSS_FILESYSTEM not set).
2025-08-31 06:21:38.898 [info] > git rev-parse --show-toplevel [4ms]
2025-08-31 06:21:38.898 [info] fatal: not a git repository (or any parent up to mount point /)
Stopping at filesystem boundary (GIT_DISCOVERY_ACROSS_FILESYSTEM not set).
2025-08-31 06:21:41.158 [info] > git rev-parse --show-toplevel [8ms]
2025-08-31 06:21:41.158 [info] fatal: not a git repository (or any parent up to mount point /)
Stopping at filesystem boundary (GIT_DISCOVERY_ACROSS_FILESYSTEM not set).
2025-08-31 06:21:59.362 [info] > git rev-parse --show-toplevel [11ms]
2025-08-31 06:21:59.362 [info] fatal: not a git repository (or any parent up to mount point /)
Stopping at filesystem boundary (GIT_DISCOVERY_ACROSS_FILESYSTEM not set).
2025-08-31 06:23:09.121 [info] > git rev-parse --show-toplevel [29ms]
2025-08-31 06:23:09.121 [info] fatal: not a git repository (or any parent up to mount point /)
Stopping at filesystem boundary (GIT_DISCOVERY_ACROSS_FILESYSTEM not set).
2025-08-31 06:23:15.375 [info] > git rev-parse --show-toplevel [12ms]
2025-08-31 06:23:15.375 [info] fatal: not a git repository (or any parent up to mount point /)
Stopping at filesystem boundary (GIT_DISCOVERY_ACROSS_FILESYSTEM not set).
2025-08-31 06:24:11.692 [info] > git rev-parse --show-toplevel [6ms]
2025-08-31 06:24:11.692 [info] fatal: not a git repository (or any parent up to mount point /)
Stopping at filesystem boundary (GIT_DISCOVERY_ACROSS_FILESYSTEM not set).
2025-08-31 06:24:42.005 [info] > git rev-parse --show-toplevel [6ms]
2025-08-31 06:24:42.005 [info] fatal: not a git repository (or any parent up to mount point /)
Stopping at filesystem boundary (GIT_DISCOVERY_ACROSS_FILESYSTEM not set).
2025-08-31 06:24:42.742 [info] > git rev-parse --show-toplevel [7ms]
2025-08-31 06:24:42.742 [info] fatal: not a git repository (or any parent up to mount point /)
Stopping at filesystem boundary (GIT_DISCOVERY_ACROSS_FILESYSTEM not set).
2025-08-31 06:25:52.440 [info] > git rev-parse --show-toplevel [6ms]
2025-08-31 06:25:52.441 [info] fatal: not a git repository (or any parent up to mount point /)
Stopping at filesystem boundary (GIT_DISCOVERY_ACROSS_FILESYSTEM not set).
2025-08-31 06:26:23.481 [info] > git rev-parse --show-toplevel [5ms]
2025-08-31 06:26:23.481 [info] fatal: not a git repository (or any parent up to mount point /)
Stopping at filesystem boundary (GIT_DISCOVERY_ACROSS_FILESYSTEM not set).
2025-08-31 06:59:55.356 [info] [main] Log level: Info
2025-08-31 06:59:55.356 [info] [main] Validating found git in: "git"
2025-08-31 06:59:55.356 [info] [main] Using git "2.51.0" from "git"
2025-08-31 06:59:55.356 [info] [Model][doInitialScan] Initial repository scan started
2025-08-31 06:59:55.356 [info] > git rev-parse --show-toplevel [144ms]
2025-08-31 06:59:55.356 [info] fatal: not a git repository (or any parent up to mount point /)
Stopping at filesystem boundary (GIT_DISCOVERY_ACROSS_FILESYSTEM not set).
2025-08-31 06:59:55.356 [info] > git rev-parse --show-toplevel [9ms]
2025-08-31 06:59:55.356 [info] fatal: not a git repository (or any parent up to mount point /)
Stopping at filesystem boundary (GIT_DISCOVERY_ACROSS_FILESYSTEM not set).
2025-08-31 06:59:55.356 [info] > git rev-parse --show-toplevel [15ms]
2025-08-31 06:59:55.356 [info] fatal: not a git repository (or any parent up to mount point /)
Stopping at filesystem boundary (GIT_DISCOVERY_ACROSS_FILESYSTEM not set).
2025-08-31 06:59:55.356 [info] > git rev-parse --show-toplevel [27ms]
2025-08-31 06:59:55.356 [info] fatal: not a git repository (or any parent up to mount point /)
Stopping at filesystem boundary (GIT_DISCOVERY_ACROSS_FILESYSTEM not set).
2025-08-31 06:59:55.356 [info] [Model][doInitialScan] Initial repository scan completed - repositories (0), closed repositories (0), parent repositories (0), unsafe repositories (0)
2025-08-31 07:00:02.321 [info] > git rev-parse --show-toplevel [447ms]
2025-08-31 07:00:02.321 [info] fatal: not a git repository (or any parent up to mount point /)
Stopping at filesystem boundary (GIT_DISCOVERY_ACROSS_FILESYSTEM not set).
2025-08-31 07:00:02.443 [info] > git rev-parse --show-toplevel [83ms]
2025-08-31 07:00:02.443 [info] fatal: not a git repository (or any parent up to mount point /)
Stopping at filesystem boundary (GIT_DISCOVERY_ACROSS_FILESYSTEM not set).
2025-08-31 07:00:02.925 [info] > git rev-parse --show-toplevel [13ms]
2025-08-31 07:00:02.926 [info] fatal: not a git repository (or any parent up to mount point /)
Stopping at filesystem boundary (GIT_DISCOVERY_ACROSS_FILESYSTEM not set).
2025-08-31 07:00:03.772 [info] > git rev-parse --show-toplevel [794ms]
2025-08-31 07:00:03.773 [info] fatal: not a git repository (or any parent up to mount point /)
Stopping at filesystem boundary (GIT_DISCOVERY_ACROSS_FILESYSTEM not set).
2025-08-31 07:00:03.900 [info] > git rev-parse --show-toplevel [18ms]
2025-08-31 07:00:03.901 [info] fatal: not a git repository (or any parent up to mount point /)
Stopping at filesystem boundary (GIT_DISCOVERY_ACROSS_FILESYSTEM not set).
2025-08-31 07:00:03.963 [info] > git rev-parse --show-toplevel [13ms]
2025-08-31 07:00:03.963 [info] fatal: not a git repository (or any parent up to mount point /)
Stopping at filesystem boundary (GIT_DISCOVERY_ACROSS_FILESYSTEM not set).
