2025-08-31 05:21:28.944 [info] Reading sessions from keychain...
2025-08-31 05:21:28.944 [info] Getting sessions for all scopes...
2025-08-31 05:21:29.555 [info] Got stored sessions!
2025-08-31 05:21:29.555 [info] Got 1 verified sessions.
2025-08-31 05:21:29.555 [info] Got 1 sessions for ...
2025-08-31 05:21:29.555 [info] Getting sessions for all scopes...
2025-08-31 05:21:29.555 [info] Got 1 sessions for ...
2025-08-31 05:21:29.556 [info] Getting sessions for all scopes...
2025-08-31 05:21:29.556 [info] Got 1 sessions for ...
2025-08-31 05:21:29.556 [info] Getting sessions for all scopes...
2025-08-31 05:21:29.556 [info] Got 1 sessions for ...
2025-08-31 05:21:29.556 [info] Getting sessions for all scopes...
2025-08-31 05:21:29.556 [info] Got 1 sessions for ...
2025-08-31 05:21:29.556 [info] Getting sessions for all scopes...
2025-08-31 05:21:29.556 [info] Got 1 sessions for ...
2025-08-31 05:21:29.556 [info] Getting sessions for all scopes...
2025-08-31 05:21:29.556 [info] Got 1 sessions for ...
2025-08-31 05:21:29.557 [info] Getting sessions for all scopes...
2025-08-31 05:21:29.557 [info] Got 1 sessions for ...
2025-08-31 05:21:29.557 [info] Getting sessions for all scopes...
2025-08-31 05:21:29.557 [info] Got 1 sessions for ...
