2025-08-31 06:05:42.343 [info] Reading sessions from keychain...
2025-08-31 06:05:42.343 [info] Getting sessions for all scopes...
2025-08-31 06:05:42.803 [info] Got stored sessions!
2025-08-31 06:05:42.806 [info] Got 1 verified sessions.
2025-08-31 06:05:42.806 [info] Got 1 sessions for ...
2025-08-31 06:05:42.809 [info] Getting sessions for all scopes...
2025-08-31 06:05:42.809 [info] Got 1 sessions for ...
2025-08-31 06:05:42.809 [info] Getting sessions for all scopes...
2025-08-31 06:05:42.810 [info] Got 1 sessions for ...
2025-08-31 06:05:42.810 [info] Getting sessions for all scopes...
2025-08-31 06:05:42.810 [info] Got 1 sessions for ...
2025-08-31 06:05:42.810 [info] Getting sessions for all scopes...
2025-08-31 06:05:42.810 [info] Got 1 sessions for ...
2025-08-31 06:05:42.810 [info] Getting sessions for all scopes...
2025-08-31 06:05:42.810 [info] Got 1 sessions for ...
2025-08-31 06:05:42.810 [info] Getting sessions for all scopes...
2025-08-31 06:05:42.812 [info] Got 1 sessions for ...
2025-08-31 06:05:42.812 [info] Getting sessions for all scopes...
2025-08-31 06:05:42.812 [info] Got 1 sessions for ...
2025-08-31 06:05:42.813 [info] Getting sessions for all scopes...
2025-08-31 06:05:42.816 [info] Got 1 sessions for ...
2025-08-31 06:05:43.392 [info] Getting sessions for all scopes...
2025-08-31 06:05:43.392 [info] Got 1 sessions for ...
2025-08-31 06:05:43.394 [info] Getting sessions for all scopes...
2025-08-31 06:05:43.394 [info] Got 1 sessions for ...
2025-08-31 06:05:43.394 [info] Getting sessions for all scopes...
2025-08-31 06:05:43.394 [info] Got 1 sessions for ...
2025-08-31 06:05:43.394 [info] Getting sessions for all scopes...
2025-08-31 06:05:43.394 [info] Got 1 sessions for ...
2025-08-31 06:05:43.395 [info] Getting sessions for all scopes...
2025-08-31 06:05:43.395 [info] Got 1 sessions for ...
2025-08-31 06:05:43.395 [info] Getting sessions for all scopes...
2025-08-31 06:05:43.395 [info] Got 1 sessions for ...
2025-08-31 06:05:44.197 [info] Getting sessions for read:user,repo,user:email,workflow...
2025-08-31 06:05:44.197 [info] Got 0 sessions for read:user,repo,user:email,workflow...
2025-08-31 06:05:49.905 [info] Getting sessions for all scopes...
2025-08-31 06:05:49.905 [info] Got 1 sessions for ...
2025-08-31 06:05:50.011 [info] Getting sessions for all scopes...
2025-08-31 06:05:50.011 [info] Got 1 sessions for ...
2025-08-31 06:05:50.068 [info] Getting sessions for all scopes...
2025-08-31 06:05:50.068 [info] Got 1 sessions for ...
2025-08-31 06:05:50.068 [info] Getting sessions for all scopes...
2025-08-31 06:05:50.068 [info] Got 1 sessions for ...
2025-08-31 06:05:50.069 [info] Getting sessions for all scopes...
2025-08-31 06:05:50.070 [info] Got 1 sessions for ...
2025-08-31 06:05:50.554 [info] Getting sessions for user:email...
2025-08-31 06:05:50.554 [info] Got 1 sessions for user:email...
2025-08-31 06:05:50.555 [info] Getting sessions for read:user,repo,user:email,workflow...
2025-08-31 06:05:50.555 [info] Got 0 sessions for read:user,repo,user:email,workflow...
2025-08-31 06:05:52.106 [info] Getting sessions for all scopes...
2025-08-31 06:05:52.106 [info] Got 1 sessions for ...
2025-08-31 06:05:52.340 [info] Getting sessions for all scopes...
2025-08-31 06:05:52.340 [info] Got 1 sessions for ...
2025-08-31 06:05:52.378 [info] Getting sessions for all scopes...
2025-08-31 06:05:52.378 [info] Got 1 sessions for ...
2025-08-31 06:05:52.378 [info] Getting sessions for read:user,repo,user:email,workflow...
2025-08-31 06:05:52.378 [info] Got 0 sessions for read:user,repo,user:email,workflow...
2025-08-31 06:05:52.427 [info] Getting sessions for read:user,repo,user:email,workflow...
2025-08-31 06:05:52.427 [info] Got 0 sessions for read:user,repo,user:email,workflow...
2025-08-31 06:05:52.432 [info] Getting sessions for read:user...
2025-08-31 06:05:52.432 [info] Got 0 sessions for read:user...
2025-08-31 06:05:52.505 [info] Getting sessions for user:email...
2025-08-31 06:05:52.505 [info] Got 1 sessions for user:email...
2025-08-31 06:05:52.538 [info] Getting sessions for user:email...
2025-08-31 06:05:52.538 [info] Got 1 sessions for user:email...
2025-08-31 06:05:52.681 [info] Getting sessions for all scopes...
2025-08-31 06:05:52.681 [info] Got 1 sessions for ...
2025-08-31 06:05:52.717 [info] Getting sessions for read:user,repo,user:email,workflow...
2025-08-31 06:05:52.717 [info] Got 0 sessions for read:user,repo,user:email,workflow...
2025-08-31 06:05:53.081 [info] Getting sessions for user:email...
2025-08-31 06:05:53.081 [info] Got 1 sessions for user:email...
2025-08-31 06:05:53.169 [info] Getting sessions for all scopes...
2025-08-31 06:05:53.169 [info] Got 1 sessions for ...
2025-08-31 06:05:53.173 [info] Getting sessions for read:user,repo,user:email,workflow...
2025-08-31 06:05:53.173 [info] Got 0 sessions for read:user,repo,user:email,workflow...
2025-08-31 06:05:53.177 [info] Getting sessions for user:email...
2025-08-31 06:05:53.177 [info] Got 1 sessions for user:email...
2025-08-31 06:05:54.352 [info] Getting sessions for all scopes...
2025-08-31 06:05:54.352 [info] Got 1 sessions for ...
2025-08-31 06:05:54.354 [info] Getting sessions for all scopes...
2025-08-31 06:05:54.355 [info] Got 1 sessions for ...
2025-08-31 06:05:54.708 [info] Getting sessions for read:user,repo,user:email,workflow...
2025-08-31 06:05:54.708 [info] Got 0 sessions for read:user,repo,user:email,workflow...
2025-08-31 06:05:54.780 [info] Getting sessions for user:email...
2025-08-31 06:05:54.780 [info] Got 1 sessions for user:email...
2025-08-31 06:05:54.787 [info] Getting sessions for read:user,repo,user:email,workflow...
2025-08-31 06:05:54.787 [info] Got 0 sessions for read:user,repo,user:email,workflow...
2025-08-31 06:05:54.927 [info] Getting sessions for all scopes...
2025-08-31 06:05:54.927 [info] Got 1 sessions for ...
2025-08-31 06:05:54.976 [info] Getting sessions for read:user,repo,user:email,workflow...
2025-08-31 06:05:54.977 [info] Got 0 sessions for read:user,repo,user:email,workflow...
2025-08-31 06:05:55.128 [info] Getting sessions for user:email...
2025-08-31 06:05:55.128 [info] Got 1 sessions for user:email...
2025-08-31 06:05:55.856 [info] Getting sessions for all scopes...
2025-08-31 06:05:55.856 [info] Got 1 sessions for ...
2025-08-31 06:05:55.857 [info] Getting sessions for all scopes...
2025-08-31 06:05:55.858 [info] Got 1 sessions for ...
2025-08-31 06:05:55.888 [info] Getting sessions for read:user,repo,user:email,workflow...
2025-08-31 06:05:55.888 [info] Got 0 sessions for read:user,repo,user:email,workflow...
2025-08-31 06:05:55.918 [info] Getting sessions for user:email...
2025-08-31 06:05:55.918 [info] Got 1 sessions for user:email...
2025-08-31 06:05:55.926 [info] Getting sessions for read:user,repo,user:email,workflow...
2025-08-31 06:05:55.926 [info] Got 0 sessions for read:user,repo,user:email,workflow...
2025-08-31 06:05:55.961 [info] Getting sessions for all scopes...
2025-08-31 06:05:55.961 [info] Got 1 sessions for ...
2025-08-31 06:05:55.970 [info] Getting sessions for all scopes...
2025-08-31 06:05:55.970 [info] Got 1 sessions for ...
2025-08-31 06:05:55.974 [info] Getting sessions for all scopes...
2025-08-31 06:05:55.974 [info] Got 1 sessions for ...
2025-08-31 06:05:56.027 [info] Getting sessions for read:user,repo,user:email,workflow...
2025-08-31 06:05:56.030 [info] Got 0 sessions for read:user,repo,user:email,workflow...
2025-08-31 06:05:56.058 [info] Getting sessions for user:email...
2025-08-31 06:05:56.058 [info] Got 1 sessions for user:email...
2025-08-31 06:05:57.315 [info] Getting sessions for all scopes...
2025-08-31 06:05:57.315 [info] Got 1 sessions for ...
2025-08-31 06:13:59.196 [info] Reading sessions from keychain...
2025-08-31 06:13:59.196 [info] Getting sessions for all scopes...
2025-08-31 06:13:59.455 [info] Got stored sessions!
2025-08-31 06:13:59.456 [info] Got 1 verified sessions.
2025-08-31 06:13:59.456 [info] Got 1 sessions for ...
2025-08-31 06:13:59.456 [info] Getting sessions for all scopes...
2025-08-31 06:13:59.456 [info] Got 1 sessions for ...
2025-08-31 06:13:59.456 [info] Getting sessions for all scopes...
2025-08-31 06:13:59.456 [info] Got 1 sessions for ...
2025-08-31 06:13:59.456 [info] Getting sessions for all scopes...
2025-08-31 06:13:59.456 [info] Got 1 sessions for ...
2025-08-31 06:13:59.456 [info] Getting sessions for all scopes...
2025-08-31 06:13:59.456 [info] Got 1 sessions for ...
2025-08-31 06:13:59.456 [info] Getting sessions for all scopes...
2025-08-31 06:13:59.456 [info] Got 1 sessions for ...
2025-08-31 06:13:59.456 [info] Getting sessions for all scopes...
2025-08-31 06:13:59.456 [info] Got 1 sessions for ...
2025-08-31 06:13:59.735 [info] Getting sessions for all scopes...
2025-08-31 06:13:59.736 [info] Got 1 sessions for ...
2025-08-31 06:13:59.737 [info] Getting sessions for all scopes...
2025-08-31 06:13:59.738 [info] Got 1 sessions for ...
2025-08-31 06:13:59.738 [info] Getting sessions for all scopes...
2025-08-31 06:13:59.738 [info] Got 1 sessions for ...
2025-08-31 06:13:59.739 [info] Getting sessions for all scopes...
2025-08-31 06:13:59.740 [info] Got 1 sessions for ...
2025-08-31 06:13:59.741 [info] Getting sessions for all scopes...
2025-08-31 06:13:59.741 [info] Got 1 sessions for ...
2025-08-31 06:13:59.745 [info] Getting sessions for all scopes...
2025-08-31 06:13:59.745 [info] Got 1 sessions for ...
2025-08-31 06:14:10.460 [info] Getting sessions for all scopes...
2025-08-31 06:14:10.460 [info] Got 1 sessions for ...
2025-08-31 06:14:10.747 [info] Getting sessions for all scopes...
2025-08-31 06:14:10.747 [info] Got 1 sessions for ...
2025-08-31 06:14:10.802 [info] Getting sessions for all scopes...
2025-08-31 06:14:10.802 [info] Got 1 sessions for ...
2025-08-31 06:14:10.803 [info] Getting sessions for all scopes...
2025-08-31 06:14:10.803 [info] Got 1 sessions for ...
2025-08-31 06:14:10.807 [info] Getting sessions for all scopes...
2025-08-31 06:14:10.807 [info] Got 1 sessions for ...
2025-08-31 06:14:12.395 [info] Getting sessions for all scopes...
2025-08-31 06:14:12.395 [info] Got 1 sessions for ...
2025-08-31 06:14:12.396 [info] Getting sessions for all scopes...
2025-08-31 06:14:12.397 [info] Got 1 sessions for ...
2025-08-31 06:14:14.349 [info] Getting sessions for all scopes...
2025-08-31 06:14:14.349 [info] Got 1 sessions for ...
2025-08-31 06:14:14.392 [info] Getting sessions for all scopes...
2025-08-31 06:14:14.392 [info] Got 1 sessions for ...
2025-08-31 06:14:14.395 [info] Getting sessions for read:user,repo,user:email,workflow...
2025-08-31 06:14:14.396 [info] Got 0 sessions for read:user,repo,user:email,workflow...
2025-08-31 06:14:14.405 [info] Getting sessions for read:user,repo,user:email,workflow...
2025-08-31 06:14:14.405 [info] Got 0 sessions for read:user,repo,user:email,workflow...
2025-08-31 06:14:14.547 [info] Getting sessions for read:user...
2025-08-31 06:14:14.547 [info] Got 0 sessions for read:user...
2025-08-31 06:14:14.550 [info] Getting sessions for user:email...
2025-08-31 06:14:14.550 [info] Got 1 sessions for user:email...
2025-08-31 06:14:14.556 [info] Getting sessions for read:user,repo,user:email,workflow...
2025-08-31 06:14:14.556 [info] Got 0 sessions for read:user,repo,user:email,workflow...
2025-08-31 06:14:14.599 [info] Getting sessions for user:email...
2025-08-31 06:14:14.599 [info] Got 1 sessions for user:email...
2025-08-31 06:14:14.611 [info] Getting sessions for all scopes...
2025-08-31 06:14:14.612 [info] Got 1 sessions for ...
2025-08-31 06:14:14.693 [info] Getting sessions for read:user,repo,user:email,workflow...
2025-08-31 06:14:14.697 [info] Got 0 sessions for read:user,repo,user:email,workflow...
2025-08-31 06:14:15.430 [info] Getting sessions for user:email...
2025-08-31 06:14:15.430 [info] Got 1 sessions for user:email...
2025-08-31 06:14:15.468 [info] Getting sessions for all scopes...
2025-08-31 06:14:15.468 [info] Got 1 sessions for ...
2025-08-31 06:14:15.495 [info] Getting sessions for read:user,repo,user:email,workflow...
2025-08-31 06:14:15.495 [info] Got 0 sessions for read:user,repo,user:email,workflow...
2025-08-31 06:14:15.512 [info] Getting sessions for user:email...
2025-08-31 06:14:15.512 [info] Got 1 sessions for user:email...
2025-08-31 06:14:15.863 [info] Getting sessions for all scopes...
2025-08-31 06:14:15.863 [info] Got 1 sessions for ...
2025-08-31 06:14:15.867 [info] Getting sessions for read:user,repo,user:email,workflow...
2025-08-31 06:14:15.867 [info] Got 0 sessions for read:user,repo,user:email,workflow...
2025-08-31 06:14:15.874 [info] Getting sessions for user:email...
2025-08-31 06:14:15.874 [info] Got 1 sessions for user:email...
2025-08-31 06:14:16.534 [info] Getting sessions for all scopes...
2025-08-31 06:14:16.534 [info] Got 1 sessions for ...
2025-08-31 06:14:16.560 [info] Getting sessions for all scopes...
2025-08-31 06:14:16.561 [info] Got 1 sessions for ...
2025-08-31 06:14:16.585 [info] Getting sessions for read:user,repo,user:email,workflow...
2025-08-31 06:14:16.586 [info] Got 0 sessions for read:user,repo,user:email,workflow...
2025-08-31 06:14:16.590 [info] Getting sessions for user:email...
2025-08-31 06:14:16.590 [info] Got 1 sessions for user:email...
2025-08-31 06:14:16.590 [info] Getting sessions for read:user,repo,user:email,workflow...
2025-08-31 06:14:16.590 [info] Got 0 sessions for read:user,repo,user:email,workflow...
2025-08-31 06:14:16.600 [info] Getting sessions for all scopes...
2025-08-31 06:14:16.600 [info] Got 1 sessions for ...
2025-08-31 06:14:16.624 [info] Getting sessions for read:user,repo,user:email,workflow...
2025-08-31 06:14:16.625 [info] Got 0 sessions for read:user,repo,user:email,workflow...
2025-08-31 06:14:16.661 [info] Getting sessions for user:email...
2025-08-31 06:14:16.661 [info] Got 1 sessions for user:email...
2025-08-31 06:14:17.233 [info] Getting sessions for all scopes...
2025-08-31 06:14:17.233 [info] Got 1 sessions for ...
2025-08-31 06:14:17.259 [info] Getting sessions for all scopes...
2025-08-31 06:14:17.259 [info] Got 1 sessions for ...
2025-08-31 06:14:17.304 [info] Getting sessions for read:user,repo,user:email,workflow...
2025-08-31 06:14:17.304 [info] Got 0 sessions for read:user,repo,user:email,workflow...
2025-08-31 06:14:17.310 [info] Getting sessions for user:email...
2025-08-31 06:14:17.310 [info] Got 1 sessions for user:email...
2025-08-31 06:14:17.310 [info] Getting sessions for read:user,repo,user:email,workflow...
2025-08-31 06:14:17.310 [info] Got 0 sessions for read:user,repo,user:email,workflow...
2025-08-31 06:14:17.326 [info] Getting sessions for all scopes...
2025-08-31 06:14:17.326 [info] Got 1 sessions for ...
2025-08-31 06:14:17.338 [info] Getting sessions for all scopes...
2025-08-31 06:14:17.338 [info] Got 1 sessions for ...
2025-08-31 06:14:17.339 [info] Getting sessions for all scopes...
2025-08-31 06:14:17.339 [info] Got 1 sessions for ...
2025-08-31 06:14:17.393 [info] Getting sessions for read:user,repo,user:email,workflow...
2025-08-31 06:14:17.393 [info] Got 0 sessions for read:user,repo,user:email,workflow...
2025-08-31 06:14:17.398 [info] Getting sessions for user:email...
2025-08-31 06:14:17.398 [info] Got 1 sessions for user:email...
2025-08-31 06:14:18.651 [info] Getting sessions for all scopes...
2025-08-31 06:14:18.651 [info] Got 1 sessions for ...
2025-08-31 06:22:32.782 [info] Getting sessions for all scopes...
2025-08-31 06:22:32.782 [info] Got 1 sessions for ...
2025-08-31 06:22:32.803 [info] Getting sessions for read:user,repo,user:email,workflow...
2025-08-31 06:22:32.803 [info] Got 0 sessions for read:user,repo,user:email,workflow...
2025-08-31 06:22:32.812 [info] Getting sessions for user:email...
2025-08-31 06:22:32.812 [info] Got 1 sessions for user:email...
2025-08-31 06:22:38.387 [info] Getting sessions for all scopes...
2025-08-31 06:22:38.388 [info] Got 1 sessions for ...
2025-08-31 06:22:38.403 [info] Getting sessions for read:user,repo,user:email,workflow...
2025-08-31 06:22:38.403 [info] Got 0 sessions for read:user,repo,user:email,workflow...
2025-08-31 06:22:38.417 [info] Getting sessions for user:email...
2025-08-31 06:22:38.417 [info] Got 1 sessions for user:email...
2025-08-31 06:23:12.234 [info] Getting sessions for all scopes...
2025-08-31 06:23:12.234 [info] Got 1 sessions for ...
2025-08-31 06:23:12.245 [info] Getting sessions for read:user,repo,user:email,workflow...
2025-08-31 06:23:12.245 [info] Got 0 sessions for read:user,repo,user:email,workflow...
2025-08-31 06:23:12.251 [info] Getting sessions for user:email...
2025-08-31 06:23:12.251 [info] Got 1 sessions for user:email...
2025-08-31 06:23:12.618 [info] Getting sessions for all scopes...
2025-08-31 06:23:12.618 [info] Got 1 sessions for ...
2025-08-31 06:23:12.632 [info] Getting sessions for read:user,repo,user:email,workflow...
2025-08-31 06:23:12.632 [info] Got 0 sessions for read:user,repo,user:email,workflow...
2025-08-31 06:23:12.643 [info] Getting sessions for user:email...
2025-08-31 06:23:12.643 [info] Got 1 sessions for user:email...
2025-08-31 06:24:42.750 [info] Getting sessions for all scopes...
2025-08-31 06:24:42.750 [info] Got 1 sessions for ...
2025-08-31 06:24:43.064 [info] Getting sessions for read:user,repo,user:email,workflow...
2025-08-31 06:24:43.064 [info] Got 0 sessions for read:user,repo,user:email,workflow...
2025-08-31 06:24:43.838 [info] Getting sessions for user:email...
2025-08-31 06:24:43.838 [info] Got 1 sessions for user:email...
2025-08-31 06:24:44.456 [info] Getting sessions for all scopes...
2025-08-31 06:24:44.457 [info] Got 1 sessions for ...
2025-08-31 06:24:44.499 [info] Getting sessions for read:user,repo,user:email,workflow...
2025-08-31 06:24:44.499 [info] Got 0 sessions for read:user,repo,user:email,workflow...
2025-08-31 06:24:44.531 [info] Getting sessions for user:email...
2025-08-31 06:24:44.531 [info] Got 1 sessions for user:email...
2025-08-31 06:24:44.928 [info] Getting sessions for all scopes...
2025-08-31 06:24:44.928 [info] Got 1 sessions for ...
2025-08-31 06:24:44.978 [info] Getting sessions for read:user,repo,user:email,workflow...
2025-08-31 06:24:44.978 [info] Got 0 sessions for read:user,repo,user:email,workflow...
2025-08-31 06:24:45.027 [info] Getting sessions for user:email...
2025-08-31 06:24:45.027 [info] Got 1 sessions for user:email...
2025-08-31 06:24:50.066 [info] Getting sessions for all scopes...
2025-08-31 06:24:50.066 [info] Got 1 sessions for ...
2025-08-31 06:24:50.078 [info] Getting sessions for read:user,repo,user:email,workflow...
2025-08-31 06:24:50.078 [info] Got 0 sessions for read:user,repo,user:email,workflow...
2025-08-31 06:24:50.087 [info] Getting sessions for user:email...
2025-08-31 06:24:50.087 [info] Got 1 sessions for user:email...
2025-08-31 06:24:50.413 [info] Getting sessions for all scopes...
2025-08-31 06:24:50.413 [info] Got 1 sessions for ...
2025-08-31 06:24:50.433 [info] Getting sessions for read:user,repo,user:email,workflow...
2025-08-31 06:24:50.435 [info] Got 0 sessions for read:user,repo,user:email,workflow...
2025-08-31 06:24:50.450 [info] Getting sessions for user:email...
2025-08-31 06:24:50.450 [info] Got 1 sessions for user:email...
2025-08-31 06:59:53.160 [info] Reading sessions from keychain...
2025-08-31 06:59:53.160 [info] Getting sessions for all scopes...
2025-08-31 06:59:54.195 [info] Got stored sessions!
2025-08-31 06:59:54.197 [info] Got 1 verified sessions.
2025-08-31 06:59:54.198 [info] Got 1 sessions for ...
2025-08-31 06:59:54.198 [info] Getting sessions for all scopes...
2025-08-31 06:59:54.198 [info] Got 1 sessions for ...
2025-08-31 06:59:54.198 [info] Getting sessions for all scopes...
2025-08-31 06:59:54.198 [info] Got 1 sessions for ...
2025-08-31 06:59:54.198 [info] Getting sessions for all scopes...
2025-08-31 06:59:54.198 [info] Got 1 sessions for ...
2025-08-31 06:59:54.199 [info] Getting sessions for all scopes...
2025-08-31 06:59:54.199 [info] Got 1 sessions for ...
2025-08-31 06:59:54.199 [info] Getting sessions for all scopes...
2025-08-31 06:59:54.199 [info] Got 1 sessions for ...
2025-08-31 06:59:54.200 [info] Getting sessions for all scopes...
2025-08-31 06:59:54.200 [info] Got 1 sessions for ...
2025-08-31 06:59:54.200 [info] Getting sessions for all scopes...
2025-08-31 06:59:54.200 [info] Got 1 sessions for ...
2025-08-31 06:59:54.200 [info] Getting sessions for all scopes...
2025-08-31 06:59:54.200 [info] Got 1 sessions for ...
2025-08-31 06:59:54.931 [info] Getting sessions for all scopes...
2025-08-31 06:59:54.931 [info] Got 1 sessions for ...
2025-08-31 06:59:54.931 [info] Getting sessions for all scopes...
2025-08-31 06:59:54.931 [info] Got 1 sessions for ...
2025-08-31 06:59:54.931 [info] Getting sessions for all scopes...
2025-08-31 06:59:54.931 [info] Got 1 sessions for ...
2025-08-31 06:59:54.932 [info] Getting sessions for all scopes...
2025-08-31 06:59:54.932 [info] Got 1 sessions for ...
2025-08-31 06:59:54.932 [info] Getting sessions for all scopes...
2025-08-31 06:59:54.932 [info] Got 1 sessions for ...
2025-08-31 06:59:54.936 [info] Getting sessions for all scopes...
2025-08-31 06:59:54.937 [info] Got 1 sessions for ...
2025-08-31 07:00:02.095 [info] Getting sessions for read:user,repo,user:email,workflow...
2025-08-31 07:00:02.098 [info] Got 0 sessions for read:user,repo,user:email,workflow...
2025-08-31 07:00:02.182 [info] Getting sessions for all scopes...
2025-08-31 07:00:02.182 [info] Got 1 sessions for ...
2025-08-31 07:00:02.226 [info] Getting sessions for all scopes...
2025-08-31 07:00:02.226 [info] Got 1 sessions for ...
2025-08-31 07:00:02.279 [info] Getting sessions for all scopes...
2025-08-31 07:00:02.280 [info] Got 1 sessions for ...
2025-08-31 07:00:02.281 [info] Getting sessions for all scopes...
2025-08-31 07:00:02.281 [info] Got 1 sessions for ...
2025-08-31 07:00:02.284 [info] Getting sessions for all scopes...
2025-08-31 07:00:02.284 [info] Got 1 sessions for ...
2025-08-31 07:00:02.927 [info] Getting sessions for user:email...
2025-08-31 07:00:02.927 [info] Got 1 sessions for user:email...
2025-08-31 07:00:02.928 [info] Getting sessions for read:user,repo,user:email,workflow...
2025-08-31 07:00:02.928 [info] Got 0 sessions for read:user,repo,user:email,workflow...
2025-08-31 07:00:03.843 [info] Getting sessions for all scopes...
2025-08-31 07:00:03.843 [info] Got 1 sessions for ...
2025-08-31 07:00:03.896 [info] Getting sessions for all scopes...
2025-08-31 07:00:03.896 [info] Got 1 sessions for ...
2025-08-31 07:00:03.897 [info] Getting sessions for read:user,repo,user:email,workflow...
2025-08-31 07:00:03.897 [info] Got 0 sessions for read:user,repo,user:email,workflow...
2025-08-31 07:00:03.902 [info] Getting sessions for all scopes...
2025-08-31 07:00:03.902 [info] Got 1 sessions for ...
2025-08-31 07:00:03.903 [info] Getting sessions for all scopes...
2025-08-31 07:00:03.903 [info] Got 1 sessions for ...
2025-08-31 07:00:03.970 [info] Getting sessions for read:user...
2025-08-31 07:00:03.970 [info] Got 0 sessions for read:user...
2025-08-31 07:00:03.970 [info] Getting sessions for read:user,repo,user:email,workflow...
2025-08-31 07:00:03.970 [info] Got 0 sessions for read:user,repo,user:email,workflow...
2025-08-31 07:00:04.008 [info] Getting sessions for user:email...
2025-08-31 07:00:04.009 [info] Got 1 sessions for user:email...
2025-08-31 07:00:04.009 [info] Getting sessions for user:email...
2025-08-31 07:00:04.009 [info] Got 1 sessions for user:email...
2025-08-31 07:00:04.656 [info] Getting sessions for all scopes...
2025-08-31 07:00:04.656 [info] Got 1 sessions for ...
2025-08-31 07:00:04.669 [info] Getting sessions for read:user,repo,user:email,workflow...
2025-08-31 07:00:04.669 [info] Got 0 sessions for read:user,repo,user:email,workflow...
2025-08-31 07:00:04.678 [info] Getting sessions for user:email...
2025-08-31 07:00:04.678 [info] Got 1 sessions for user:email...
2025-08-31 07:00:05.459 [info] Getting sessions for all scopes...
2025-08-31 07:00:05.459 [info] Got 1 sessions for ...
2025-08-31 07:00:05.482 [info] Getting sessions for all scopes...
2025-08-31 07:00:05.482 [info] Got 1 sessions for ...
2025-08-31 07:00:05.579 [info] Getting sessions for read:user,repo,user:email,workflow...
2025-08-31 07:00:05.579 [info] Got 0 sessions for read:user,repo,user:email,workflow...
2025-08-31 07:00:05.586 [info] Getting sessions for user:email...
2025-08-31 07:00:05.586 [info] Got 1 sessions for user:email...
2025-08-31 07:00:05.588 [info] Getting sessions for read:user,repo,user:email,workflow...
2025-08-31 07:00:05.588 [info] Got 0 sessions for read:user,repo,user:email,workflow...
2025-08-31 07:00:05.696 [info] Getting sessions for all scopes...
2025-08-31 07:00:05.696 [info] Got 1 sessions for ...
2025-08-31 07:00:05.712 [info] Getting sessions for read:user,repo,user:email,workflow...
2025-08-31 07:00:05.712 [info] Got 0 sessions for read:user,repo,user:email,workflow...
2025-08-31 07:00:05.722 [info] Getting sessions for user:email...
2025-08-31 07:00:05.722 [info] Got 1 sessions for user:email...
2025-08-31 07:00:06.266 [info] Getting sessions for all scopes...
2025-08-31 07:00:06.266 [info] Got 1 sessions for ...
2025-08-31 07:00:06.270 [info] Getting sessions for all scopes...
2025-08-31 07:00:06.270 [info] Got 1 sessions for ...
2025-08-31 07:00:06.297 [info] Getting sessions for read:user,repo,user:email,workflow...
2025-08-31 07:00:06.298 [info] Got 0 sessions for read:user,repo,user:email,workflow...
2025-08-31 07:00:06.306 [info] Getting sessions for user:email...
2025-08-31 07:00:06.306 [info] Got 1 sessions for user:email...
2025-08-31 07:00:06.308 [info] Getting sessions for read:user,repo,user:email,workflow...
2025-08-31 07:00:06.308 [info] Got 0 sessions for read:user,repo,user:email,workflow...
2025-08-31 07:00:06.341 [info] Getting sessions for all scopes...
2025-08-31 07:00:06.341 [info] Got 1 sessions for ...
2025-08-31 07:00:06.343 [info] Getting sessions for all scopes...
2025-08-31 07:00:06.343 [info] Got 1 sessions for ...
2025-08-31 07:00:06.343 [info] Getting sessions for all scopes...
2025-08-31 07:00:06.344 [info] Got 1 sessions for ...
2025-08-31 07:00:06.354 [info] Getting sessions for read:user,repo,user:email,workflow...
2025-08-31 07:00:06.354 [info] Got 0 sessions for read:user,repo,user:email,workflow...
2025-08-31 07:00:06.360 [info] Getting sessions for user:email...
2025-08-31 07:00:06.360 [info] Got 1 sessions for user:email...
2025-08-31 07:00:07.752 [info] Getting sessions for all scopes...
2025-08-31 07:00:07.752 [info] Got 1 sessions for ...
