2025-08-31 08:40:36.515 [info] Reading sessions from keychain...
2025-08-31 08:40:36.515 [info] Getting sessions for all scopes...
2025-08-31 08:40:36.515 [info] Got stored sessions!
2025-08-31 08:40:36.515 [info] Got 1 verified sessions.
2025-08-31 08:40:36.516 [info] Got 1 sessions for ...
2025-08-31 08:40:36.516 [info] Getting sessions for all scopes...
2025-08-31 08:40:36.516 [info] Got 1 sessions for ...
2025-08-31 08:40:36.516 [info] Getting sessions for all scopes...
2025-08-31 08:40:36.516 [info] Got 1 sessions for ...
2025-08-31 08:40:36.516 [info] Getting sessions for all scopes...
2025-08-31 08:40:36.516 [info] Got 1 sessions for ...
2025-08-31 08:40:36.516 [info] Getting sessions for all scopes...
2025-08-31 08:40:36.516 [info] Got 1 sessions for ...
2025-08-31 08:40:36.516 [info] Getting sessions for all scopes...
2025-08-31 08:40:36.516 [info] Got 1 sessions for ...
2025-08-31 08:40:36.516 [info] Getting sessions for all scopes...
2025-08-31 08:40:36.516 [info] Got 1 sessions for ...
2025-08-31 08:40:36.516 [info] Getting sessions for all scopes...
2025-08-31 08:40:36.516 [info] Got 1 sessions for ...
2025-08-31 08:40:36.516 [info] Getting sessions for all scopes...
2025-08-31 08:40:36.516 [info] Got 1 sessions for ...
2025-08-31 08:40:36.516 [info] Getting sessions for all scopes...
2025-08-31 08:40:36.516 [info] Got 1 sessions for ...
2025-08-31 08:40:36.516 [info] Getting sessions for all scopes...
2025-08-31 08:40:36.516 [info] Got 1 sessions for ...
2025-08-31 08:40:36.516 [info] Getting sessions for all scopes...
2025-08-31 08:40:36.516 [info] Got 1 sessions for ...
2025-08-31 08:40:36.516 [info] Getting sessions for all scopes...
2025-08-31 08:40:36.516 [info] Got 1 sessions for ...
2025-08-31 08:40:36.516 [info] Getting sessions for all scopes...
2025-08-31 08:40:36.516 [info] Got 1 sessions for ...
2025-08-31 08:40:36.516 [info] Getting sessions for all scopes...
2025-08-31 08:40:36.516 [info] Got 1 sessions for ...
2025-08-31 08:40:36.516 [info] Getting sessions for read:user,repo,user:email,workflow...
2025-08-31 08:40:36.516 [info] Got 0 sessions for read:user,repo,user:email,workflow...
2025-08-31 08:40:45.034 [info] Getting sessions for user:email...
2025-08-31 08:40:45.035 [info] Got 1 sessions for user:email...
2025-08-31 08:40:45.160 [info] Getting sessions for read:user,repo,user:email,workflow...
2025-08-31 08:40:45.160 [info] Got 0 sessions for read:user,repo,user:email,workflow...
2025-08-31 08:40:45.803 [info] Getting sessions for all scopes...
2025-08-31 08:40:45.803 [info] Got 1 sessions for ...
2025-08-31 08:40:46.621 [info] Getting sessions for all scopes...
2025-08-31 08:40:46.621 [info] Got 1 sessions for ...
2025-08-31 08:40:48.315 [info] Getting sessions for all scopes...
2025-08-31 08:40:48.315 [info] Got 1 sessions for ...
2025-08-31 08:40:48.349 [info] Getting sessions for read:user,repo,user:email,workflow...
2025-08-31 08:40:48.349 [info] Got 0 sessions for read:user,repo,user:email,workflow...
2025-08-31 08:40:48.374 [info] Getting sessions for all scopes...
2025-08-31 08:40:48.374 [info] Got 1 sessions for ...
2025-08-31 08:40:48.374 [info] Getting sessions for read:user,repo,user:email,workflow...
2025-08-31 08:40:48.374 [info] Got 0 sessions for read:user,repo,user:email,workflow...
2025-08-31 08:40:48.388 [info] Getting sessions for user:email...
2025-08-31 08:40:48.388 [info] Got 1 sessions for user:email...
2025-08-31 08:40:48.389 [info] Getting sessions for read:user...
2025-08-31 08:40:48.389 [info] Got 0 sessions for read:user...
2025-08-31 08:40:48.415 [info] Getting sessions for user:email...
2025-08-31 08:40:48.415 [info] Got 1 sessions for user:email...
2025-08-31 08:40:49.740 [info] Getting sessions for all scopes...
2025-08-31 08:40:49.740 [info] Got 1 sessions for ...
2025-08-31 08:40:49.740 [info] Getting sessions for all scopes...
2025-08-31 08:40:49.740 [info] Got 1 sessions for ...
2025-08-31 08:40:50.007 [info] Getting sessions for read:user,repo,user:email,workflow...
2025-08-31 08:40:50.008 [info] Got 0 sessions for read:user,repo,user:email,workflow...
2025-08-31 08:40:50.036 [info] Getting sessions for user:email...
2025-08-31 08:40:50.036 [info] Got 1 sessions for user:email...
2025-08-31 08:40:50.036 [info] Getting sessions for read:user,repo,user:email,workflow...
2025-08-31 08:40:50.036 [info] Got 0 sessions for read:user,repo,user:email,workflow...
2025-08-31 08:40:50.049 [info] Getting sessions for all scopes...
2025-08-31 08:40:50.049 [info] Got 1 sessions for ...
2025-08-31 08:40:50.066 [info] Getting sessions for read:user,repo,user:email,workflow...
2025-08-31 08:40:50.066 [info] Got 0 sessions for read:user,repo,user:email,workflow...
2025-08-31 08:40:50.075 [info] Getting sessions for user:email...
2025-08-31 08:40:50.075 [info] Got 1 sessions for user:email...
2025-08-31 08:40:51.208 [info] Getting sessions for all scopes...
2025-08-31 08:40:51.208 [info] Got 1 sessions for ...
2025-08-31 08:40:51.222 [info] Getting sessions for all scopes...
2025-08-31 08:40:51.222 [info] Got 1 sessions for ...
2025-08-31 08:40:51.254 [info] Getting sessions for read:user,repo,user:email,workflow...
2025-08-31 08:40:51.256 [info] Got 0 sessions for read:user,repo,user:email,workflow...
2025-08-31 08:40:51.269 [info] Getting sessions for user:email...
2025-08-31 08:40:51.269 [info] Got 1 sessions for user:email...
2025-08-31 08:40:51.271 [info] Getting sessions for read:user,repo,user:email,workflow...
2025-08-31 08:40:51.271 [info] Got 0 sessions for read:user,repo,user:email,workflow...
2025-08-31 08:40:51.304 [info] Getting sessions for all scopes...
2025-08-31 08:40:51.304 [info] Got 1 sessions for ...
2025-08-31 08:40:51.322 [info] Getting sessions for all scopes...
2025-08-31 08:40:51.322 [info] Got 1 sessions for ...
2025-08-31 08:40:51.323 [info] Getting sessions for all scopes...
2025-08-31 08:40:51.323 [info] Got 1 sessions for ...
2025-08-31 08:40:51.387 [info] Getting sessions for read:user,repo,user:email,workflow...
2025-08-31 08:40:51.387 [info] Got 0 sessions for read:user,repo,user:email,workflow...
2025-08-31 08:40:51.409 [info] Getting sessions for user:email...
2025-08-31 08:40:51.409 [info] Got 1 sessions for user:email...
2025-08-31 08:41:22.731 [info] Getting sessions for all scopes...
2025-08-31 08:41:22.731 [info] Got 1 sessions for ...
2025-08-31 08:44:12.920 [info] Getting sessions for all scopes...
2025-08-31 08:44:12.921 [info] Got 1 sessions for ...
2025-08-31 08:44:15.929 [info] Getting sessions for all scopes...
2025-08-31 08:44:15.929 [info] Got 1 sessions for ...
2025-08-31 08:44:15.929 [info] Getting sessions for all scopes...
2025-08-31 08:44:15.929 [info] Got 1 sessions for ...
2025-08-31 08:47:18.747 [info] Getting sessions for all scopes...
2025-08-31 08:47:18.747 [info] Got 1 sessions for ...
