2025-08-31 07:21:06.840 [info] Reading sessions from keychain...
2025-08-31 07:21:06.841 [info] Getting sessions for all scopes...
2025-08-31 07:21:09.368 [info] Got stored sessions!
2025-08-31 07:21:09.368 [info] Got 1 verified sessions.
2025-08-31 07:21:09.368 [info] Got 1 sessions for ...
2025-08-31 07:21:09.368 [info] Getting sessions for all scopes...
2025-08-31 07:21:09.368 [info] Got 1 sessions for ...
2025-08-31 07:21:09.370 [info] Getting sessions for all scopes...
2025-08-31 07:21:09.370 [info] Got 1 sessions for ...
2025-08-31 07:21:09.370 [info] Getting sessions for all scopes...
2025-08-31 07:21:09.370 [info] Got 1 sessions for ...
2025-08-31 07:21:09.370 [info] Getting sessions for all scopes...
2025-08-31 07:21:09.370 [info] Got 1 sessions for ...
2025-08-31 07:21:09.371 [info] Getting sessions for all scopes...
2025-08-31 07:21:09.371 [info] Got 1 sessions for ...
2025-08-31 07:21:09.371 [info] Getting sessions for all scopes...
2025-08-31 07:21:09.371 [info] Got 1 sessions for ...
2025-08-31 07:21:09.371 [info] Getting sessions for all scopes...
2025-08-31 07:21:09.371 [info] Got 1 sessions for ...
2025-08-31 07:21:09.372 [info] Getting sessions for all scopes...
2025-08-31 07:21:09.372 [info] Got 1 sessions for ...
2025-08-31 07:21:10.824 [info] Getting sessions for all scopes...
2025-08-31 07:21:10.825 [info] Got 1 sessions for ...
2025-08-31 07:21:10.828 [info] Getting sessions for all scopes...
2025-08-31 07:21:10.829 [info] Got 1 sessions for ...
2025-08-31 07:21:10.829 [info] Getting sessions for all scopes...
2025-08-31 07:21:10.829 [info] Got 1 sessions for ...
2025-08-31 07:21:10.830 [info] Getting sessions for all scopes...
2025-08-31 07:21:10.830 [info] Got 1 sessions for ...
2025-08-31 07:21:10.831 [info] Getting sessions for all scopes...
2025-08-31 07:21:10.831 [info] Got 1 sessions for ...
2025-08-31 07:21:10.831 [info] Getting sessions for all scopes...
2025-08-31 07:21:10.831 [info] Got 1 sessions for ...
2025-08-31 07:21:17.449 [info] Getting sessions for all scopes...
2025-08-31 07:21:17.449 [info] Got 1 sessions for ...
2025-08-31 07:21:17.494 [info] Getting sessions for all scopes...
2025-08-31 07:21:17.494 [info] Got 1 sessions for ...
2025-08-31 07:21:17.555 [info] Getting sessions for read:user,repo,user:email,workflow...
2025-08-31 07:21:17.555 [info] Got 0 sessions for read:user,repo,user:email,workflow...
2025-08-31 07:21:17.579 [info] Getting sessions for all scopes...
2025-08-31 07:21:17.579 [info] Got 1 sessions for ...
2025-08-31 07:21:17.581 [info] Getting sessions for all scopes...
2025-08-31 07:21:17.582 [info] Got 1 sessions for ...
2025-08-31 07:21:17.585 [info] Getting sessions for all scopes...
2025-08-31 07:21:17.585 [info] Got 1 sessions for ...
2025-08-31 07:21:20.190 [info] Getting sessions for user:email...
2025-08-31 07:21:20.191 [info] Got 1 sessions for user:email...
2025-08-31 07:21:20.192 [info] Getting sessions for read:user,repo,user:email,workflow...
2025-08-31 07:21:20.192 [info] Got 0 sessions for read:user,repo,user:email,workflow...
2025-08-31 07:21:20.198 [info] Getting sessions for all scopes...
2025-08-31 07:21:20.199 [info] Got 1 sessions for ...
2025-08-31 07:21:20.260 [info] Getting sessions for all scopes...
2025-08-31 07:21:20.260 [info] Got 1 sessions for ...
2025-08-31 07:21:20.261 [info] Getting sessions for read:user,repo,user:email,workflow...
2025-08-31 07:21:20.261 [info] Got 0 sessions for read:user,repo,user:email,workflow...
2025-08-31 07:21:20.396 [info] Getting sessions for all scopes...
2025-08-31 07:21:20.396 [info] Got 1 sessions for ...
2025-08-31 07:21:20.414 [info] Getting sessions for all scopes...
2025-08-31 07:21:20.414 [info] Got 1 sessions for ...
2025-08-31 07:21:20.422 [info] Getting sessions for read:user...
2025-08-31 07:21:20.423 [info] Got 0 sessions for read:user...
2025-08-31 07:21:20.456 [info] Getting sessions for read:user,repo,user:email,workflow...
2025-08-31 07:21:20.456 [info] Got 0 sessions for read:user,repo,user:email,workflow...
2025-08-31 07:21:20.463 [info] Getting sessions for user:email...
2025-08-31 07:21:20.463 [info] Got 1 sessions for user:email...
2025-08-31 07:21:20.478 [info] Getting sessions for user:email...
2025-08-31 07:21:20.478 [info] Got 1 sessions for user:email...
2025-08-31 07:21:21.841 [info] Getting sessions for all scopes...
2025-08-31 07:21:21.841 [info] Got 1 sessions for ...
2025-08-31 07:21:21.869 [info] Getting sessions for read:user,repo,user:email,workflow...
2025-08-31 07:21:21.869 [info] Got 0 sessions for read:user,repo,user:email,workflow...
2025-08-31 07:21:22.032 [info] Getting sessions for all scopes...
2025-08-31 07:21:22.032 [info] Got 1 sessions for ...
2025-08-31 07:21:22.038 [info] Getting sessions for user:email...
2025-08-31 07:21:22.038 [info] Got 1 sessions for user:email...
2025-08-31 07:21:22.137 [info] Getting sessions for read:user,repo,user:email,workflow...
2025-08-31 07:21:22.141 [info] Got 0 sessions for read:user,repo,user:email,workflow...
2025-08-31 07:21:22.161 [info] Getting sessions for all scopes...
2025-08-31 07:21:22.161 [info] Got 1 sessions for ...
2025-08-31 07:21:22.393 [info] Getting sessions for read:user,repo,user:email,workflow...
2025-08-31 07:21:22.393 [info] Got 0 sessions for read:user,repo,user:email,workflow...
2025-08-31 07:21:22.406 [info] Getting sessions for user:email...
2025-08-31 07:21:22.406 [info] Got 1 sessions for user:email...
2025-08-31 07:21:22.982 [info] Getting sessions for all scopes...
2025-08-31 07:21:22.982 [info] Got 1 sessions for ...
2025-08-31 07:21:22.982 [info] Getting sessions for all scopes...
2025-08-31 07:21:22.982 [info] Got 1 sessions for ...
2025-08-31 07:21:23.253 [info] Getting sessions for read:user,repo,user:email,workflow...
2025-08-31 07:21:23.254 [info] Got 0 sessions for read:user,repo,user:email,workflow...
2025-08-31 07:21:23.265 [info] Getting sessions for user:email...
2025-08-31 07:21:23.265 [info] Got 1 sessions for user:email...
2025-08-31 07:21:23.266 [info] Getting sessions for read:user,repo,user:email,workflow...
2025-08-31 07:21:23.266 [info] Got 0 sessions for read:user,repo,user:email,workflow...
2025-08-31 07:21:23.289 [info] Getting sessions for all scopes...
2025-08-31 07:21:23.289 [info] Got 1 sessions for ...
2025-08-31 07:21:23.297 [info] Getting sessions for all scopes...
2025-08-31 07:21:23.297 [info] Got 1 sessions for ...
2025-08-31 07:21:23.298 [info] Getting sessions for all scopes...
2025-08-31 07:21:23.298 [info] Got 1 sessions for ...
2025-08-31 07:21:23.306 [info] Getting sessions for read:user,repo,user:email,workflow...
2025-08-31 07:21:23.307 [info] Got 0 sessions for read:user,repo,user:email,workflow...
2025-08-31 07:21:23.318 [info] Getting sessions for user:email...
2025-08-31 07:21:23.319 [info] Got 1 sessions for user:email...
2025-08-31 07:21:25.358 [info] Getting sessions for all scopes...
2025-08-31 07:21:25.358 [info] Got 1 sessions for ...
