2025-08-31 07:58:39.938 [info] Reading sessions from keychain...
2025-08-31 07:58:39.938 [info] Getting sessions for all scopes...
2025-08-31 07:58:40.911 [info] Got stored sessions!
2025-08-31 07:58:40.911 [info] Got 1 verified sessions.
2025-08-31 07:58:40.911 [info] Got 1 sessions for ...
2025-08-31 07:58:40.914 [info] Getting sessions for all scopes...
2025-08-31 07:58:40.914 [info] Got 1 sessions for ...
2025-08-31 07:58:40.914 [info] Getting sessions for all scopes...
2025-08-31 07:58:40.914 [info] Got 1 sessions for ...
2025-08-31 07:58:40.914 [info] Getting sessions for all scopes...
2025-08-31 07:58:40.914 [info] Got 1 sessions for ...
2025-08-31 07:58:40.914 [info] Getting sessions for all scopes...
2025-08-31 07:58:40.914 [info] Got 1 sessions for ...
2025-08-31 07:58:40.914 [info] Getting sessions for all scopes...
2025-08-31 07:58:40.914 [info] Got 1 sessions for ...
2025-08-31 07:58:40.914 [info] Getting sessions for all scopes...
2025-08-31 07:58:40.914 [info] Got 1 sessions for ...
2025-08-31 07:58:40.914 [info] Getting sessions for all scopes...
2025-08-31 07:58:40.914 [info] Got 1 sessions for ...
2025-08-31 07:58:40.914 [info] Getting sessions for all scopes...
2025-08-31 07:58:40.915 [info] Got 1 sessions for ...
2025-08-31 07:58:41.321 [info] Getting sessions for all scopes...
2025-08-31 07:58:41.322 [info] Got 1 sessions for ...
2025-08-31 07:58:41.323 [info] Getting sessions for all scopes...
2025-08-31 07:58:41.323 [info] Got 1 sessions for ...
2025-08-31 07:58:41.324 [info] Getting sessions for all scopes...
2025-08-31 07:58:41.324 [info] Got 1 sessions for ...
2025-08-31 07:58:41.325 [info] Getting sessions for all scopes...
2025-08-31 07:58:41.325 [info] Got 1 sessions for ...
2025-08-31 07:58:41.327 [info] Getting sessions for all scopes...
2025-08-31 07:58:41.327 [info] Got 1 sessions for ...
2025-08-31 07:58:41.328 [info] Getting sessions for all scopes...
2025-08-31 07:58:41.328 [info] Got 1 sessions for ...
2025-08-31 07:58:48.041 [info] Getting sessions for all scopes...
2025-08-31 07:58:48.041 [info] Got 1 sessions for ...
2025-08-31 07:58:48.078 [info] Getting sessions for all scopes...
2025-08-31 07:58:48.078 [info] Got 1 sessions for ...
2025-08-31 07:58:48.105 [info] Getting sessions for read:user,repo,user:email,workflow...
2025-08-31 07:58:48.106 [info] Got 0 sessions for read:user,repo,user:email,workflow...
2025-08-31 07:58:49.971 [info] Getting sessions for all scopes...
2025-08-31 07:58:49.973 [info] Got 1 sessions for ...
2025-08-31 07:58:49.973 [info] Getting sessions for all scopes...
2025-08-31 07:58:49.973 [info] Got 1 sessions for ...
2025-08-31 07:58:49.975 [info] Getting sessions for all scopes...
2025-08-31 07:58:49.975 [info] Got 1 sessions for ...
2025-08-31 07:58:49.988 [info] Getting sessions for all scopes...
2025-08-31 07:58:49.988 [info] Got 1 sessions for ...
2025-08-31 07:58:49.991 [info] Getting sessions for user:email...
2025-08-31 07:58:49.991 [info] Got 1 sessions for user:email...
2025-08-31 07:58:49.991 [info] Getting sessions for read:user,repo,user:email,workflow...
2025-08-31 07:58:49.991 [info] Got 0 sessions for read:user,repo,user:email,workflow...
2025-08-31 07:58:50.067 [info] Getting sessions for all scopes...
2025-08-31 07:58:50.067 [info] Got 1 sessions for ...
2025-08-31 07:58:50.067 [info] Getting sessions for read:user,repo,user:email,workflow...
2025-08-31 07:58:50.067 [info] Got 0 sessions for read:user,repo,user:email,workflow...
2025-08-31 07:58:50.081 [info] Getting sessions for all scopes...
2025-08-31 07:58:50.081 [info] Got 1 sessions for ...
2025-08-31 07:58:50.248 [info] Getting sessions for read:user...
2025-08-31 07:58:50.248 [info] Got 0 sessions for read:user...
2025-08-31 07:58:50.380 [info] Getting sessions for read:user,repo,user:email,workflow...
2025-08-31 07:58:50.380 [info] Got 0 sessions for read:user,repo,user:email,workflow...
2025-08-31 07:58:50.391 [info] Getting sessions for user:email...
2025-08-31 07:58:50.391 [info] Got 1 sessions for user:email...
2025-08-31 07:58:50.408 [info] Getting sessions for user:email...
2025-08-31 07:58:50.408 [info] Got 1 sessions for user:email...
2025-08-31 07:58:50.435 [info] Getting sessions for all scopes...
2025-08-31 07:58:50.435 [info] Got 1 sessions for ...
2025-08-31 07:58:50.675 [info] Getting sessions for read:user,repo,user:email,workflow...
2025-08-31 07:58:50.675 [info] Got 0 sessions for read:user,repo,user:email,workflow...
2025-08-31 07:58:50.683 [info] Getting sessions for user:email...
2025-08-31 07:58:50.683 [info] Got 1 sessions for user:email...
2025-08-31 07:58:50.824 [info] Getting sessions for all scopes...
2025-08-31 07:58:50.824 [info] Got 1 sessions for ...
2025-08-31 07:58:50.839 [info] Getting sessions for read:user,repo,user:email,workflow...
2025-08-31 07:58:50.839 [info] Got 0 sessions for read:user,repo,user:email,workflow...
2025-08-31 07:58:50.877 [info] Getting sessions for user:email...
2025-08-31 07:58:50.877 [info] Got 1 sessions for user:email...
2025-08-31 07:58:51.635 [info] Getting sessions for all scopes...
2025-08-31 07:58:51.635 [info] Got 1 sessions for ...
2025-08-31 07:58:51.635 [info] Getting sessions for all scopes...
2025-08-31 07:58:51.635 [info] Got 1 sessions for ...
2025-08-31 07:58:51.752 [info] Getting sessions for read:user,repo,user:email,workflow...
2025-08-31 07:58:51.752 [info] Got 0 sessions for read:user,repo,user:email,workflow...
2025-08-31 07:58:51.760 [info] Getting sessions for user:email...
2025-08-31 07:58:51.760 [info] Got 1 sessions for user:email...
2025-08-31 07:58:51.760 [info] Getting sessions for read:user,repo,user:email,workflow...
2025-08-31 07:58:51.761 [info] Got 0 sessions for read:user,repo,user:email,workflow...
2025-08-31 07:58:51.783 [info] Getting sessions for all scopes...
2025-08-31 07:58:51.783 [info] Got 1 sessions for ...
2025-08-31 07:58:51.790 [info] Getting sessions for read:user,repo,user:email,workflow...
2025-08-31 07:58:51.790 [info] Got 0 sessions for read:user,repo,user:email,workflow...
2025-08-31 07:58:51.820 [info] Getting sessions for user:email...
2025-08-31 07:58:51.820 [info] Got 1 sessions for user:email...
2025-08-31 07:58:52.184 [info] Getting sessions for all scopes...
2025-08-31 07:58:52.184 [info] Got 1 sessions for ...
2025-08-31 07:58:52.279 [info] Getting sessions for all scopes...
2025-08-31 07:58:52.279 [info] Got 1 sessions for ...
2025-08-31 07:58:52.359 [info] Getting sessions for read:user,repo,user:email,workflow...
2025-08-31 07:58:52.359 [info] Got 0 sessions for read:user,repo,user:email,workflow...
2025-08-31 07:58:52.365 [info] Getting sessions for user:email...
2025-08-31 07:58:52.365 [info] Got 1 sessions for user:email...
2025-08-31 07:58:52.370 [info] Getting sessions for read:user,repo,user:email,workflow...
2025-08-31 07:58:52.370 [info] Got 0 sessions for read:user,repo,user:email,workflow...
2025-08-31 07:58:52.389 [info] Getting sessions for all scopes...
2025-08-31 07:58:52.389 [info] Got 1 sessions for ...
2025-08-31 07:58:52.392 [info] Getting sessions for all scopes...
2025-08-31 07:58:52.392 [info] Got 1 sessions for ...
2025-08-31 07:58:52.393 [info] Getting sessions for all scopes...
2025-08-31 07:58:52.393 [info] Got 1 sessions for ...
2025-08-31 07:58:52.450 [info] Getting sessions for read:user,repo,user:email,workflow...
2025-08-31 07:58:52.450 [info] Got 0 sessions for read:user,repo,user:email,workflow...
2025-08-31 07:58:52.471 [info] Getting sessions for user:email...
2025-08-31 07:58:52.471 [info] Got 1 sessions for user:email...
2025-08-31 07:58:53.767 [info] Getting sessions for all scopes...
2025-08-31 07:58:53.767 [info] Got 1 sessions for ...
